mode: set
github.com/getaxonflow/axonflow-sdk-go/v5/examples/basic/main.go:12.13,18.42 4 0
github.com/getaxonflow/axonflow-sdk-go/v5/examples/basic/main.go:18.42,20.3 1 0
github.com/getaxonflow/axonflow-sdk-go/v5/examples/basic/main.go:23.2,28.45 4 0
github.com/getaxonflow/axonflow-sdk-go/v5/examples/basic/main.go:28.45,30.3 1 0
github.com/getaxonflow/axonflow-sdk-go/v5/examples/basic/main.go:30.8,32.3 1 0
github.com/getaxonflow/axonflow-sdk-go/v5/examples/basic/main.go:35.2,46.16 3 0
github.com/getaxonflow/axonflow-sdk-go/v5/examples/basic/main.go:46.16,48.3 1 0
github.com/getaxonflow/axonflow-sdk-go/v5/examples/basic/main.go:51.2,51.18 1 0
github.com/getaxonflow/axonflow-sdk-go/v5/examples/basic/main.go:51.18,56.3 4 0
github.com/getaxonflow/axonflow-sdk-go/v5/examples/basic/main.go:59.2,59.19 1 0
github.com/getaxonflow/axonflow-sdk-go/v5/examples/basic/main.go:59.19,62.3 2 0
github.com/getaxonflow/axonflow-sdk-go/v5/examples/basic/main.go:65.2,71.28 5 0
github.com/getaxonflow/axonflow-sdk-go/v5/examples/basic/main.go:71.28,74.3 2 0
github.com/getaxonflow/axonflow-sdk-go/v5/examples/basic/main.go:77.2,88.16 5 0
github.com/getaxonflow/axonflow-sdk-go/v5/examples/basic/main.go:88.16,91.3 2 0
github.com/getaxonflow/axonflow-sdk-go/v5/examples/basic/main.go:93.2,93.19 1 0
github.com/getaxonflow/axonflow-sdk-go/v5/examples/basic/main.go:93.19,96.3 2 0
github.com/getaxonflow/axonflow-sdk-go/v5/examples/basic/main.go:96.8,98.3 1 0
github.com/getaxonflow/axonflow-sdk-go/v5/examples/basic/main.go:102.46,103.42 1 0
github.com/getaxonflow/axonflow-sdk-go/v5/examples/basic/main.go:103.42,105.3 1 0
github.com/getaxonflow/axonflow-sdk-go/v5/examples/basic/main.go:106.2,106.21 1 0
github.com/getaxonflow/axonflow-sdk-go/v5/examples/planning/main.go:13.13,19.42 4 0
github.com/getaxonflow/axonflow-sdk-go/v5/examples/planning/main.go:19.42,21.3 1 0
github.com/getaxonflow/axonflow-sdk-go/v5/examples/planning/main.go:24.2,59.16 10 0
github.com/getaxonflow/axonflow-sdk-go/v5/examples/planning/main.go:59.16,61.3 1 0
github.com/getaxonflow/axonflow-sdk-go/v5/examples/planning/main.go:63.2,73.34 9 0
github.com/getaxonflow/axonflow-sdk-go/v5/examples/planning/main.go:73.34,79.33 5 0
github.com/getaxonflow/axonflow-sdk-go/v5/examples/planning/main.go:79.33,81.4 1 0
github.com/getaxonflow/axonflow-sdk-go/v5/examples/planning/main.go:83.3,83.31 1 0
github.com/getaxonflow/axonflow-sdk-go/v5/examples/planning/main.go:83.31,85.4 1 0
github.com/getaxonflow/axonflow-sdk-go/v5/examples/planning/main.go:87.3,87.60 1 0
github.com/getaxonflow/axonflow-sdk-go/v5/examples/planning/main.go:91.2,99.16 7 0
github.com/getaxonflow/axonflow-sdk-go/v5/examples/planning/main.go:99.16,101.3 1 0
github.com/getaxonflow/axonflow-sdk-go/v5/examples/planning/main.go:103.2,110.36 5 0
github.com/getaxonflow/axonflow-sdk-go/v5/examples/planning/main.go:110.36,117.36 5 0
github.com/getaxonflow/axonflow-sdk-go/v5/examples/planning/main.go:117.36,119.52 2 0
github.com/getaxonflow/axonflow-sdk-go/v5/examples/planning/main.go:119.52,124.41 4 0
github.com/getaxonflow/axonflow-sdk-go/v5/examples/planning/main.go:124.41,126.6 1 0
github.com/getaxonflow/axonflow-sdk-go/v5/examples/planning/main.go:126.11,126.45 1 0
github.com/getaxonflow/axonflow-sdk-go/v5/examples/planning/main.go:126.45,128.6 1 0
github.com/getaxonflow/axonflow-sdk-go/v5/examples/planning/main.go:131.8,131.40 1 0
github.com/getaxonflow/axonflow-sdk-go/v5/examples/planning/main.go:131.40,133.3 1 0
github.com/getaxonflow/axonflow-sdk-go/v5/examples/planning/main.go:133.8,133.41 1 0
github.com/getaxonflow/axonflow-sdk-go/v5/examples/planning/main.go:133.41,136.3 2 0
github.com/getaxonflow/axonflow-sdk-go/v5/examples/planning/main.go:139.2,144.16 5 0
github.com/getaxonflow/axonflow-sdk-go/v5/examples/planning/main.go:144.16,146.3 1 0
github.com/getaxonflow/axonflow-sdk-go/v5/examples/planning/main.go:148.2,151.36 3 0
github.com/getaxonflow/axonflow-sdk-go/v5/examples/planning/main.go:151.36,154.3 2 0
github.com/getaxonflow/axonflow-sdk-go/v5/examples/planning/main.go:157.2,168.16 8 0
github.com/getaxonflow/axonflow-sdk-go/v5/examples/planning/main.go:168.16,171.3 2 0
github.com/getaxonflow/axonflow-sdk-go/v5/examples/planning/main.go:173.2,185.62 11 0
github.com/getaxonflow/axonflow-sdk-go/v5/examples/planning/main.go:189.46,190.42 1 0
github.com/getaxonflow/axonflow-sdk-go/v5/examples/planning/main.go:190.42,192.3 1 0
github.com/getaxonflow/axonflow-sdk-go/v5/examples/planning/main.go:193.2,193.21 1 0
github.com/getaxonflow/axonflow-sdk-go/v5/examples/planning/main.go:197.56,199.29 2 0
github.com/getaxonflow/axonflow-sdk-go/v5/examples/planning/main.go:199.29,200.34 1 0
github.com/getaxonflow/axonflow-sdk-go/v5/examples/planning/main.go:200.34,202.4 1 0
github.com/getaxonflow/axonflow-sdk-go/v5/examples/planning/main.go:204.2,204.15 1 0
github.com/getaxonflow/axonflow-sdk-go/v5/examples/connectors/main.go:12.13,18.42 4 0
github.com/getaxonflow/axonflow-sdk-go/v5/examples/connectors/main.go:18.42,20.3 1 0
github.com/getaxonflow/axonflow-sdk-go/v5/examples/connectors/main.go:23.2,32.16 7 0
github.com/getaxonflow/axonflow-sdk-go/v5/examples/connectors/main.go:32.16,34.3 1 0
github.com/getaxonflow/axonflow-sdk-go/v5/examples/connectors/main.go:36.2,37.34 2 0
github.com/getaxonflow/axonflow-sdk-go/v5/examples/connectors/main.go:37.34,42.21 5 0
github.com/getaxonflow/axonflow-sdk-go/v5/examples/connectors/main.go:42.21,44.4 1 0
github.com/getaxonflow/axonflow-sdk-go/v5/examples/connectors/main.go:45.3,45.16 1 0
github.com/getaxonflow/axonflow-sdk-go/v5/examples/connectors/main.go:49.2,57.45 6 0
github.com/getaxonflow/axonflow-sdk-go/v5/examples/connectors/main.go:57.45,62.3 4 0
github.com/getaxonflow/axonflow-sdk-go/v5/examples/connectors/main.go:62.8,79.17 3 0
github.com/getaxonflow/axonflow-sdk-go/v5/examples/connectors/main.go:79.17,81.4 1 0
github.com/getaxonflow/axonflow-sdk-go/v5/examples/connectors/main.go:81.9,83.4 1 0
github.com/getaxonflow/axonflow-sdk-go/v5/examples/connectors/main.go:87.2,92.22 4 0
github.com/getaxonflow/axonflow-sdk-go/v5/examples/connectors/main.go:92.22,107.17 3 0
github.com/getaxonflow/axonflow-sdk-go/v5/examples/connectors/main.go:107.17,109.4 1 0
github.com/getaxonflow/axonflow-sdk-go/v5/examples/connectors/main.go:109.9,109.27 1 0
github.com/getaxonflow/axonflow-sdk-go/v5/examples/connectors/main.go:109.27,111.4 1 0
github.com/getaxonflow/axonflow-sdk-go/v5/examples/connectors/main.go:111.9,114.4 2 0
github.com/getaxonflow/axonflow-sdk-go/v5/examples/connectors/main.go:118.2,129.16 3 0
github.com/getaxonflow/axonflow-sdk-go/v5/examples/connectors/main.go:129.16,131.3 1 0
github.com/getaxonflow/axonflow-sdk-go/v5/examples/connectors/main.go:131.8,131.31 1 0
github.com/getaxonflow/axonflow-sdk-go/v5/examples/connectors/main.go:131.31,133.3 1 0
github.com/getaxonflow/axonflow-sdk-go/v5/examples/connectors/main.go:133.8,136.3 2 0
github.com/getaxonflow/axonflow-sdk-go/v5/examples/connectors/main.go:139.2,144.16 5 0
github.com/getaxonflow/axonflow-sdk-go/v5/examples/connectors/main.go:144.16,146.3 1 0
github.com/getaxonflow/axonflow-sdk-go/v5/examples/connectors/main.go:148.2,149.34 2 0
github.com/getaxonflow/axonflow-sdk-go/v5/examples/connectors/main.go:149.34,150.21 1 0
github.com/getaxonflow/axonflow-sdk-go/v5/examples/connectors/main.go:150.21,153.4 2 0
github.com/getaxonflow/axonflow-sdk-go/v5/examples/connectors/main.go:156.2,156.66 1 0
github.com/getaxonflow/axonflow-sdk-go/v5/examples/connectors/main.go:160.46,161.42 1 0
github.com/getaxonflow/axonflow-sdk-go/v5/examples/connectors/main.go:161.42,163.3 1 0
github.com/getaxonflow/axonflow-sdk-go/v5/examples/connectors/main.go:164.2,164.21 1 0
github.com/getaxonflow/axonflow-sdk-go/v5/audit.go:163.119,164.24 1 1
github.com/getaxonflow/axonflow-sdk-go/v5/audit.go:164.24,166.3 1 1
github.com/getaxonflow/axonflow-sdk-go/v5/audit.go:168.2,171.78 3 1
github.com/getaxonflow/axonflow-sdk-go/v5/audit.go:171.78,173.3 1 1
github.com/getaxonflow/axonflow-sdk-go/v5/audit.go:175.2,175.20 1 1
github.com/getaxonflow/axonflow-sdk-go/v5/audit.go:175.20,177.3 1 0
github.com/getaxonflow/axonflow-sdk-go/v5/audit.go:179.2,179.21 1 1
github.com/getaxonflow/axonflow-sdk-go/v5/audit.go:216.118,217.16 1 1
github.com/getaxonflow/axonflow-sdk-go/v5/audit.go:217.16,219.3 1 1
github.com/getaxonflow/axonflow-sdk-go/v5/audit.go:222.2,222.20 1 1
github.com/getaxonflow/axonflow-sdk-go/v5/audit.go:222.20,224.3 1 1
github.com/getaxonflow/axonflow-sdk-go/v5/audit.go:225.2,225.22 1 1
github.com/getaxonflow/axonflow-sdk-go/v5/audit.go:225.22,227.3 1 1
github.com/getaxonflow/axonflow-sdk-go/v5/audit.go:230.2,231.25 2 1
github.com/getaxonflow/axonflow-sdk-go/v5/audit.go:231.25,233.3 1 1
github.com/getaxonflow/axonflow-sdk-go/v5/audit.go:234.2,234.24 1 1
github.com/getaxonflow/axonflow-sdk-go/v5/audit.go:234.24,236.3 1 1
github.com/getaxonflow/axonflow-sdk-go/v5/audit.go:237.2,237.26 1 1
github.com/getaxonflow/axonflow-sdk-go/v5/audit.go:237.26,239.3 1 1
github.com/getaxonflow/axonflow-sdk-go/v5/audit.go:240.2,240.24 1 1
github.com/getaxonflow/axonflow-sdk-go/v5/audit.go:240.24,242.3 1 1
github.com/getaxonflow/axonflow-sdk-go/v5/audit.go:243.2,243.27 1 1
github.com/getaxonflow/axonflow-sdk-go/v5/audit.go:243.27,245.3 1 1
github.com/getaxonflow/axonflow-sdk-go/v5/audit.go:246.2,247.20 2 1
github.com/getaxonflow/axonflow-sdk-go/v5/audit.go:247.20,249.3 1 1
github.com/getaxonflow/axonflow-sdk-go/v5/audit.go:251.2,252.16 2 1
github.com/getaxonflow/axonflow-sdk-go/v5/audit.go:252.16,254.3 1 0
github.com/getaxonflow/axonflow-sdk-go/v5/audit.go:256.2,259.16 3 1
github.com/getaxonflow/axonflow-sdk-go/v5/audit.go:259.16,261.3 1 0
github.com/getaxonflow/axonflow-sdk-go/v5/audit.go:263.2,266.20 3 1
github.com/getaxonflow/axonflow-sdk-go/v5/audit.go:266.20,268.3 1 0
github.com/getaxonflow/axonflow-sdk-go/v5/audit.go:270.2,271.16 2 1
github.com/getaxonflow/axonflow-sdk-go/v5/audit.go:271.16,273.3 1 1
github.com/getaxonflow/axonflow-sdk-go/v5/audit.go:274.2,277.16 3 1
github.com/getaxonflow/axonflow-sdk-go/v5/audit.go:277.16,279.3 1 0
github.com/getaxonflow/axonflow-sdk-go/v5/audit.go:281.2,281.38 1 1
github.com/getaxonflow/axonflow-sdk-go/v5/audit.go:281.38,286.3 1 1
github.com/getaxonflow/axonflow-sdk-go/v5/audit.go:289.2,290.55 2 1
github.com/getaxonflow/axonflow-sdk-go/v5/audit.go:290.55,293.68 2 1
github.com/getaxonflow/axonflow-sdk-go/v5/audit.go:293.68,294.22 1 1
github.com/getaxonflow/axonflow-sdk-go/v5/audit.go:294.22,296.5 1 0
github.com/getaxonflow/axonflow-sdk-go/v5/audit.go:297.4,297.28 1 1
github.com/getaxonflow/axonflow-sdk-go/v5/audit.go:299.3,299.79 1 0
github.com/getaxonflow/axonflow-sdk-go/v5/audit.go:302.2,309.20 2 1
github.com/getaxonflow/axonflow-sdk-go/v5/audit.go:309.20,311.3 1 0
github.com/getaxonflow/axonflow-sdk-go/v5/audit.go:313.2,313.20 1 1
github.com/getaxonflow/axonflow-sdk-go/v5/audit.go:340.140,341.20 1 1
github.com/getaxonflow/axonflow-sdk-go/v5/audit.go:341.20,343.3 1 1
github.com/getaxonflow/axonflow-sdk-go/v5/audit.go:346.2,348.17 3 1
github.com/getaxonflow/axonflow-sdk-go/v5/audit.go:348.17,349.21 1 1
github.com/getaxonflow/axonflow-sdk-go/v5/audit.go:349.21,351.4 1 1
github.com/getaxonflow/axonflow-sdk-go/v5/audit.go:352.3,352.24 1 1
github.com/getaxonflow/axonflow-sdk-go/v5/audit.go:352.24,354.4 1 1
github.com/getaxonflow/axonflow-sdk-go/v5/audit.go:355.3,355.22 1 1
github.com/getaxonflow/axonflow-sdk-go/v5/audit.go:355.22,357.4 1 1
github.com/getaxonflow/axonflow-sdk-go/v5/audit.go:360.2,364.16 3 1
github.com/getaxonflow/axonflow-sdk-go/v5/audit.go:364.16,366.3 1 0
github.com/getaxonflow/axonflow-sdk-go/v5/audit.go:368.2,371.20 3 1
github.com/getaxonflow/axonflow-sdk-go/v5/audit.go:371.20,373.3 1 1
github.com/getaxonflow/axonflow-sdk-go/v5/audit.go:375.2,376.16 2 1
github.com/getaxonflow/axonflow-sdk-go/v5/audit.go:376.16,378.3 1 1
github.com/getaxonflow/axonflow-sdk-go/v5/audit.go:379.2,382.16 3 1
github.com/getaxonflow/axonflow-sdk-go/v5/audit.go:382.16,384.3 1 0
github.com/getaxonflow/axonflow-sdk-go/v5/audit.go:386.2,386.38 1 1
github.com/getaxonflow/axonflow-sdk-go/v5/audit.go:386.38,391.3 1 1
github.com/getaxonflow/axonflow-sdk-go/v5/audit.go:394.2,395.55 2 1
github.com/getaxonflow/axonflow-sdk-go/v5/audit.go:395.55,398.68 2 1
github.com/getaxonflow/axonflow-sdk-go/v5/audit.go:398.68,399.22 1 1
github.com/getaxonflow/axonflow-sdk-go/v5/audit.go:399.22,401.5 1 0
github.com/getaxonflow/axonflow-sdk-go/v5/audit.go:402.4,402.28 1 1
github.com/getaxonflow/axonflow-sdk-go/v5/audit.go:404.3,404.79 1 0
github.com/getaxonflow/axonflow-sdk-go/v5/audit.go:407.2,414.20 2 1
github.com/getaxonflow/axonflow-sdk-go/v5/audit.go:414.20,416.3 1 1
github.com/getaxonflow/axonflow-sdk-go/v5/audit.go:418.2,418.20 1 1
github.com/getaxonflow/axonflow-sdk-go/v5/audit.go:423.60,425.29 2 1
github.com/getaxonflow/axonflow-sdk-go/v5/audit.go:425.29,427.3 1 1
github.com/getaxonflow/axonflow-sdk-go/v5/audit.go:429.2,433.29 3 1
github.com/getaxonflow/axonflow-sdk-go/v5/audit.go:433.30,434.3 0 1
github.com/getaxonflow/axonflow-sdk-go/v5/axonflow.go:186.48,188.2 1 1
github.com/getaxonflow/axonflow-sdk-go/v5/axonflow.go:484.41,492.2 3 1
github.com/getaxonflow/axonflow-sdk-go/v5/axonflow.go:494.53,499.13 4 1
github.com/getaxonflow/axonflow-sdk-go/v5/axonflow.go:499.13,501.3 1 1
github.com/getaxonflow/axonflow-sdk-go/v5/axonflow.go:503.2,503.40 1 1
github.com/getaxonflow/axonflow-sdk-go/v5/axonflow.go:503.40,505.3 1 0
github.com/getaxonflow/axonflow-sdk-go/v5/axonflow.go:507.2,507.26 1 1
github.com/getaxonflow/axonflow-sdk-go/v5/axonflow.go:510.52,518.2 3 1
github.com/getaxonflow/axonflow-sdk-go/v5/axonflow.go:520.27,524.21 3 1
github.com/getaxonflow/axonflow-sdk-go/v5/axonflow.go:524.21,527.37 3 1
github.com/getaxonflow/axonflow-sdk-go/v5/axonflow.go:527.37,528.35 1 1
github.com/getaxonflow/axonflow-sdk-go/v5/axonflow.go:528.35,530.5 1 1
github.com/getaxonflow/axonflow-sdk-go/v5/axonflow.go:532.3,532.16 1 1
github.com/getaxonflow/axonflow-sdk-go/v5/axonflow.go:537.55,540.38 1 1
github.com/getaxonflow/axonflow-sdk-go/v5/axonflow.go:540.38,542.28 2 0
github.com/getaxonflow/axonflow-sdk-go/v5/axonflow.go:542.28,543.119 1 0
github.com/getaxonflow/axonflow-sdk-go/v5/axonflow.go:550.2,550.56 1 1
github.com/getaxonflow/axonflow-sdk-go/v5/axonflow.go:550.56,554.3 1 0
github.com/getaxonflow/axonflow-sdk-go/v5/axonflow.go:557.2,557.23 1 1
github.com/getaxonflow/axonflow-sdk-go/v5/axonflow.go:557.23,559.3 1 1
github.com/getaxonflow/axonflow-sdk-go/v5/axonflow.go:560.2,560.25 1 1
github.com/getaxonflow/axonflow-sdk-go/v5/axonflow.go:560.25,562.3 1 1
github.com/getaxonflow/axonflow-sdk-go/v5/axonflow.go:563.2,563.28 1 1
github.com/getaxonflow/axonflow-sdk-go/v5/axonflow.go:563.28,565.3 1 1
github.com/getaxonflow/axonflow-sdk-go/v5/axonflow.go:566.2,566.36 1 1
github.com/getaxonflow/axonflow-sdk-go/v5/axonflow.go:566.36,568.3 1 1
github.com/getaxonflow/axonflow-sdk-go/v5/axonflow.go:569.2,569.35 1 1
github.com/getaxonflow/axonflow-sdk-go/v5/axonflow.go:569.35,572.3 2 1
github.com/getaxonflow/axonflow-sdk-go/v5/axonflow.go:576.2,576.27 1 1
github.com/getaxonflow/axonflow-sdk-go/v5/axonflow.go:576.27,579.3 2 1
github.com/getaxonflow/axonflow-sdk-go/v5/axonflow.go:584.2,588.13 3 1
github.com/getaxonflow/axonflow-sdk-go/v5/axonflow.go:588.13,590.3 1 0
github.com/getaxonflow/axonflow-sdk-go/v5/axonflow.go:592.2,613.26 4 1
github.com/getaxonflow/axonflow-sdk-go/v5/axonflow.go:613.26,615.3 1 1
github.com/getaxonflow/axonflow-sdk-go/v5/axonflow.go:617.2,617.18 1 1
github.com/getaxonflow/axonflow-sdk-go/v5/axonflow.go:617.18,619.3 1 1
github.com/getaxonflow/axonflow-sdk-go/v5/axonflow.go:622.2,624.15 2 1
github.com/getaxonflow/axonflow-sdk-go/v5/axonflow.go:628.79,634.2 1 1
github.com/getaxonflow/axonflow-sdk-go/v5/axonflow.go:637.45,638.18 1 1
github.com/getaxonflow/axonflow-sdk-go/v5/axonflow.go:638.18,640.3 1 1
github.com/getaxonflow/axonflow-sdk-go/v5/axonflow.go:642.2,648.4 1 1
github.com/getaxonflow/axonflow-sdk-go/v5/axonflow.go:665.134,667.21 1 1
github.com/getaxonflow/axonflow-sdk-go/v5/axonflow.go:667.21,669.3 1 1
github.com/getaxonflow/axonflow-sdk-go/v5/axonflow.go:672.2,679.35 3 1
github.com/getaxonflow/axonflow-sdk-go/v5/axonflow.go:679.35,680.52 1 1
github.com/getaxonflow/axonflow-sdk-go/v5/axonflow.go:680.52,681.22 1 1
github.com/getaxonflow/axonflow-sdk-go/v5/axonflow.go:681.22,683.5 1 1
github.com/getaxonflow/axonflow-sdk-go/v5/axonflow.go:684.4,684.40 1 1
github.com/getaxonflow/axonflow-sdk-go/v5/axonflow.go:688.2,700.43 4 1
github.com/getaxonflow/axonflow-sdk-go/v5/axonflow.go:700.43,702.3 1 1
github.com/getaxonflow/axonflow-sdk-go/v5/axonflow.go:702.8,704.3 1 1
github.com/getaxonflow/axonflow-sdk-go/v5/axonflow.go:707.2,707.75 1 1
github.com/getaxonflow/axonflow-sdk-go/v5/axonflow.go:707.75,708.21 1 1
github.com/getaxonflow/axonflow-sdk-go/v5/axonflow.go:708.21,710.4 1 0
github.com/getaxonflow/axonflow-sdk-go/v5/axonflow.go:712.3,716.9 1 1
github.com/getaxonflow/axonflow-sdk-go/v5/axonflow.go:719.2,719.16 1 1
github.com/getaxonflow/axonflow-sdk-go/v5/axonflow.go:719.16,721.3 1 1
github.com/getaxonflow/axonflow-sdk-go/v5/axonflow.go:724.2,724.51 1 1
github.com/getaxonflow/axonflow-sdk-go/v5/axonflow.go:724.51,726.3 1 1
github.com/getaxonflow/axonflow-sdk-go/v5/axonflow.go:728.2,728.18 1 1
github.com/getaxonflow/axonflow-sdk-go/v5/axonflow.go:734.165,736.21 1 1
github.com/getaxonflow/axonflow-sdk-go/v5/axonflow.go:736.21,738.3 1 0
github.com/getaxonflow/axonflow-sdk-go/v5/axonflow.go:741.2,751.48 4 1
github.com/getaxonflow/axonflow-sdk-go/v5/axonflow.go:751.48,752.52 1 1
github.com/getaxonflow/axonflow-sdk-go/v5/axonflow.go:752.52,753.22 1 1
github.com/getaxonflow/axonflow-sdk-go/v5/axonflow.go:753.22,755.5 1 0
github.com/getaxonflow/axonflow-sdk-go/v5/axonflow.go:756.4,756.40 1 1
github.com/getaxonflow/axonflow-sdk-go/v5/axonflow.go:760.2,773.43 4 1
github.com/getaxonflow/axonflow-sdk-go/v5/axonflow.go:773.43,775.3 1 1
github.com/getaxonflow/axonflow-sdk-go/v5/axonflow.go:775.8,777.3 1 0
github.com/getaxonflow/axonflow-sdk-go/v5/axonflow.go:780.2,780.75 1 1
github.com/getaxonflow/axonflow-sdk-go/v5/axonflow.go:780.75,781.21 1 0
github.com/getaxonflow/axonflow-sdk-go/v5/axonflow.go:781.21,783.4 1 0
github.com/getaxonflow/axonflow-sdk-go/v5/axonflow.go:785.3,789.9 1 0
github.com/getaxonflow/axonflow-sdk-go/v5/axonflow.go:792.2,792.16 1 1
github.com/getaxonflow/axonflow-sdk-go/v5/axonflow.go:792.16,794.3 1 0
github.com/getaxonflow/axonflow-sdk-go/v5/axonflow.go:797.2,797.64 1 1
github.com/getaxonflow/axonflow-sdk-go/v5/axonflow.go:797.64,799.3 1 1
github.com/getaxonflow/axonflow-sdk-go/v5/axonflow.go:801.2,801.18 1 1
github.com/getaxonflow/axonflow-sdk-go/v5/axonflow.go:805.87,808.68 2 1
github.com/getaxonflow/axonflow-sdk-go/v5/axonflow.go:808.68,809.18 1 1
github.com/getaxonflow/axonflow-sdk-go/v5/axonflow.go:809.18,812.22 2 0
github.com/getaxonflow/axonflow-sdk-go/v5/axonflow.go:812.22,814.5 1 0
github.com/getaxonflow/axonflow-sdk-go/v5/axonflow.go:815.4,815.21 1 0
github.com/getaxonflow/axonflow-sdk-go/v5/axonflow.go:818.3,819.17 2 1
github.com/getaxonflow/axonflow-sdk-go/v5/axonflow.go:819.17,821.4 1 1
github.com/getaxonflow/axonflow-sdk-go/v5/axonflow.go:823.3,826.99 2 1
github.com/getaxonflow/axonflow-sdk-go/v5/axonflow.go:826.99,827.22 1 1
github.com/getaxonflow/axonflow-sdk-go/v5/axonflow.go:827.22,829.5 1 1
github.com/getaxonflow/axonflow-sdk-go/v5/axonflow.go:830.4,830.9 1 1
github.com/getaxonflow/axonflow-sdk-go/v5/axonflow.go:834.2,834.101 1 1
github.com/getaxonflow/axonflow-sdk-go/v5/axonflow.go:843.36,845.2 1 1
github.com/getaxonflow/axonflow-sdk-go/v5/axonflow.go:848.85,850.16 2 1
github.com/getaxonflow/axonflow-sdk-go/v5/axonflow.go:850.16,852.3 1 0
github.com/getaxonflow/axonflow-sdk-go/v5/axonflow.go:854.2,855.16 2 1
github.com/getaxonflow/axonflow-sdk-go/v5/axonflow.go:855.16,857.3 1 0
github.com/getaxonflow/axonflow-sdk-go/v5/axonflow.go:859.2,862.20 3 1
github.com/getaxonflow/axonflow-sdk-go/v5/axonflow.go:862.20,864.3 1 1
github.com/getaxonflow/axonflow-sdk-go/v5/axonflow.go:866.2,868.16 3 1
github.com/getaxonflow/axonflow-sdk-go/v5/axonflow.go:868.16,870.3 1 1
github.com/getaxonflow/axonflow-sdk-go/v5/axonflow.go:871.2,876.16 4 1
github.com/getaxonflow/axonflow-sdk-go/v5/axonflow.go:876.16,878.3 1 0
github.com/getaxonflow/axonflow-sdk-go/v5/axonflow.go:881.2,882.39 2 1
github.com/getaxonflow/axonflow-sdk-go/v5/axonflow.go:882.39,884.3 1 1
github.com/getaxonflow/axonflow-sdk-go/v5/axonflow.go:884.8,884.28 1 0
github.com/getaxonflow/axonflow-sdk-go/v5/axonflow.go:884.28,886.3 1 0
github.com/getaxonflow/axonflow-sdk-go/v5/axonflow.go:891.2,891.94 1 1
github.com/getaxonflow/axonflow-sdk-go/v5/axonflow.go:891.94,893.59 2 0
github.com/getaxonflow/axonflow-sdk-go/v5/axonflow.go:893.59,895.4 1 0
github.com/getaxonflow/axonflow-sdk-go/v5/axonflow.go:897.3,897.26 1 0
github.com/getaxonflow/axonflow-sdk-go/v5/axonflow.go:900.2,900.38 1 1
github.com/getaxonflow/axonflow-sdk-go/v5/axonflow.go:900.38,905.3 1 1
github.com/getaxonflow/axonflow-sdk-go/v5/axonflow.go:907.2,908.58 2 1
github.com/getaxonflow/axonflow-sdk-go/v5/axonflow.go:908.58,910.3 1 0
github.com/getaxonflow/axonflow-sdk-go/v5/axonflow.go:914.2,914.28 1 1
github.com/getaxonflow/axonflow-sdk-go/v5/axonflow.go:914.28,915.66 1 1
github.com/getaxonflow/axonflow-sdk-go/v5/axonflow.go:915.66,917.88 1 1
github.com/getaxonflow/axonflow-sdk-go/v5/axonflow.go:917.88,919.66 1 0
github.com/getaxonflow/axonflow-sdk-go/v5/axonflow.go:919.66,924.6 3 0
github.com/getaxonflow/axonflow-sdk-go/v5/axonflow.go:927.4,927.31 1 1
github.com/getaxonflow/axonflow-sdk-go/v5/axonflow.go:927.31,928.91 1 1
github.com/getaxonflow/axonflow-sdk-go/v5/axonflow.go:928.91,931.6 2 1
github.com/getaxonflow/axonflow-sdk-go/v5/axonflow.go:931.11,931.88 1 1
github.com/getaxonflow/axonflow-sdk-go/v5/axonflow.go:931.88,934.6 2 0
github.com/getaxonflow/axonflow-sdk-go/v5/axonflow.go:937.4,937.31 1 1
github.com/getaxonflow/axonflow-sdk-go/v5/axonflow.go:937.31,938.92 1 1
github.com/getaxonflow/axonflow-sdk-go/v5/axonflow.go:938.92,941.6 2 1
github.com/getaxonflow/axonflow-sdk-go/v5/axonflow.go:944.4,944.34 1 1
github.com/getaxonflow/axonflow-sdk-go/v5/axonflow.go:944.34,945.95 1 1
github.com/getaxonflow/axonflow-sdk-go/v5/axonflow.go:945.95,948.6 2 1
github.com/getaxonflow/axonflow-sdk-go/v5/axonflow.go:954.2,956.32 2 1
github.com/getaxonflow/axonflow-sdk-go/v5/axonflow.go:956.32,957.36 1 1
github.com/getaxonflow/axonflow-sdk-go/v5/axonflow.go:957.36,959.4 1 1
github.com/getaxonflow/axonflow-sdk-go/v5/axonflow.go:959.9,961.4 1 0
github.com/getaxonflow/axonflow-sdk-go/v5/axonflow.go:962.8,964.3 1 1
github.com/getaxonflow/axonflow-sdk-go/v5/axonflow.go:965.2,968.28 2 1
github.com/getaxonflow/axonflow-sdk-go/v5/axonflow.go:968.28,970.3 1 1
github.com/getaxonflow/axonflow-sdk-go/v5/axonflow.go:972.2,972.20 1 1
github.com/getaxonflow/axonflow-sdk-go/v5/axonflow.go:972.20,974.3 1 1
github.com/getaxonflow/axonflow-sdk-go/v5/axonflow.go:976.2,976.25 1 1
github.com/getaxonflow/axonflow-sdk-go/v5/axonflow.go:980.58,986.2 2 1
github.com/getaxonflow/axonflow-sdk-go/v5/axonflow.go:989.46,991.16 2 1
github.com/getaxonflow/axonflow-sdk-go/v5/axonflow.go:991.16,993.3 1 0
github.com/getaxonflow/axonflow-sdk-go/v5/axonflow.go:994.2,996.38 2 1
github.com/getaxonflow/axonflow-sdk-go/v5/axonflow.go:996.38,998.3 1 1
github.com/getaxonflow/axonflow-sdk-go/v5/axonflow.go:1000.2,1000.20 1 1
github.com/getaxonflow/axonflow-sdk-go/v5/axonflow.go:1000.20,1002.3 1 1
github.com/getaxonflow/axonflow-sdk-go/v5/axonflow.go:1004.2,1004.12 1 1
github.com/getaxonflow/axonflow-sdk-go/v5/axonflow.go:1009.58,1012.2 1 1
github.com/getaxonflow/axonflow-sdk-go/v5/axonflow.go:1038.58,1039.14 1 0
github.com/getaxonflow/axonflow-sdk-go/v5/axonflow.go:1039.14,1041.3 1 0
github.com/getaxonflow/axonflow-sdk-go/v5/axonflow.go:1042.2,1042.37 1 0
github.com/getaxonflow/axonflow-sdk-go/v5/axonflow.go:1042.37,1043.23 1 0
github.com/getaxonflow/axonflow-sdk-go/v5/axonflow.go:1043.23,1045.4 1 0
github.com/getaxonflow/axonflow-sdk-go/v5/axonflow.go:1047.2,1047.14 1 0
github.com/getaxonflow/axonflow-sdk-go/v5/axonflow.go:1051.73,1054.16 3 0
github.com/getaxonflow/axonflow-sdk-go/v5/axonflow.go:1054.16,1056.3 1 0
github.com/getaxonflow/axonflow-sdk-go/v5/axonflow.go:1058.2,1059.16 2 0
github.com/getaxonflow/axonflow-sdk-go/v5/axonflow.go:1059.16,1061.3 1 0
github.com/getaxonflow/axonflow-sdk-go/v5/axonflow.go:1062.2,1064.38 2 0
github.com/getaxonflow/axonflow-sdk-go/v5/axonflow.go:1064.38,1066.3 1 0
github.com/getaxonflow/axonflow-sdk-go/v5/axonflow.go:1068.2,1069.67 2 0
github.com/getaxonflow/axonflow-sdk-go/v5/axonflow.go:1069.67,1071.3 1 0
github.com/getaxonflow/axonflow-sdk-go/v5/axonflow.go:1073.2,1073.20 1 0
github.com/getaxonflow/axonflow-sdk-go/v5/axonflow.go:1073.20,1075.3 1 0
github.com/getaxonflow/axonflow-sdk-go/v5/axonflow.go:1077.2,1077.69 1 0
github.com/getaxonflow/axonflow-sdk-go/v5/axonflow.go:1077.69,1078.65 1 0
github.com/getaxonflow/axonflow-sdk-go/v5/axonflow.go:1078.65,1080.4 1 0
github.com/getaxonflow/axonflow-sdk-go/v5/axonflow.go:1083.2,1083.21 1 0
github.com/getaxonflow/axonflow-sdk-go/v5/axonflow.go:1091.37,1094.25 3 0
github.com/getaxonflow/axonflow-sdk-go/v5/axonflow.go:1094.25,1097.22 3 0
github.com/getaxonflow/axonflow-sdk-go/v5/axonflow.go:1097.22,1100.4 2 0
github.com/getaxonflow/axonflow-sdk-go/v5/axonflow.go:1101.3,1101.22 1 0
github.com/getaxonflow/axonflow-sdk-go/v5/axonflow.go:1101.22,1104.4 2 0
github.com/getaxonflow/axonflow-sdk-go/v5/axonflow.go:1105.3,1105.18 1 0
github.com/getaxonflow/axonflow-sdk-go/v5/axonflow.go:1105.18,1107.4 1 0
github.com/getaxonflow/axonflow-sdk-go/v5/axonflow.go:1108.3,1108.18 1 0
github.com/getaxonflow/axonflow-sdk-go/v5/axonflow.go:1108.18,1110.4 1 0
github.com/getaxonflow/axonflow-sdk-go/v5/axonflow.go:1112.2,1112.10 1 0
github.com/getaxonflow/axonflow-sdk-go/v5/axonflow.go:1116.64,1117.21 1 1
github.com/getaxonflow/axonflow-sdk-go/v5/axonflow.go:1117.21,1119.3 1 1
github.com/getaxonflow/axonflow-sdk-go/v5/axonflow.go:1120.2,1121.26 2 1
github.com/getaxonflow/axonflow-sdk-go/v5/axonflow.go:1121.26,1123.3 1 1
github.com/getaxonflow/axonflow-sdk-go/v5/axonflow.go:1124.2,1124.13 1 1
github.com/getaxonflow/axonflow-sdk-go/v5/axonflow.go:1128.72,1130.16 2 1
github.com/getaxonflow/axonflow-sdk-go/v5/axonflow.go:1130.16,1132.3 1 0
github.com/getaxonflow/axonflow-sdk-go/v5/axonflow.go:1133.2,1135.16 3 1
github.com/getaxonflow/axonflow-sdk-go/v5/axonflow.go:1135.16,1137.3 1 0
github.com/getaxonflow/axonflow-sdk-go/v5/axonflow.go:1138.2,1140.38 2 1
github.com/getaxonflow/axonflow-sdk-go/v5/axonflow.go:1140.38,1143.3 2 1
github.com/getaxonflow/axonflow-sdk-go/v5/axonflow.go:1146.2,1150.69 2 1
github.com/getaxonflow/axonflow-sdk-go/v5/axonflow.go:1150.69,1152.3 1 0
github.com/getaxonflow/axonflow-sdk-go/v5/axonflow.go:1154.2,1154.20 1 1
github.com/getaxonflow/axonflow-sdk-go/v5/axonflow.go:1154.20,1156.3 1 1
github.com/getaxonflow/axonflow-sdk-go/v5/axonflow.go:1158.2,1158.33 1 1
github.com/getaxonflow/axonflow-sdk-go/v5/axonflow.go:1162.87,1165.16 3 1
github.com/getaxonflow/axonflow-sdk-go/v5/axonflow.go:1165.16,1167.3 1 0
github.com/getaxonflow/axonflow-sdk-go/v5/axonflow.go:1168.2,1170.16 3 1
github.com/getaxonflow/axonflow-sdk-go/v5/axonflow.go:1170.16,1172.3 1 0
github.com/getaxonflow/axonflow-sdk-go/v5/axonflow.go:1173.2,1175.44 2 1
github.com/getaxonflow/axonflow-sdk-go/v5/axonflow.go:1175.44,1177.3 1 1
github.com/getaxonflow/axonflow-sdk-go/v5/axonflow.go:1179.2,1179.38 1 1
github.com/getaxonflow/axonflow-sdk-go/v5/axonflow.go:1179.38,1182.3 2 0
github.com/getaxonflow/axonflow-sdk-go/v5/axonflow.go:1184.2,1185.70 2 1
github.com/getaxonflow/axonflow-sdk-go/v5/axonflow.go:1185.70,1187.3 1 0
github.com/getaxonflow/axonflow-sdk-go/v5/axonflow.go:1189.2,1189.20 1 1
github.com/getaxonflow/axonflow-sdk-go/v5/axonflow.go:1189.20,1191.3 1 1
github.com/getaxonflow/axonflow-sdk-go/v5/axonflow.go:1193.2,1193.24 1 1
github.com/getaxonflow/axonflow-sdk-go/v5/axonflow.go:1197.97,1200.16 3 1
github.com/getaxonflow/axonflow-sdk-go/v5/axonflow.go:1200.16,1202.3 1 0
github.com/getaxonflow/axonflow-sdk-go/v5/axonflow.go:1203.2,1205.16 3 1
github.com/getaxonflow/axonflow-sdk-go/v5/axonflow.go:1205.16,1207.3 1 0
github.com/getaxonflow/axonflow-sdk-go/v5/axonflow.go:1208.2,1210.44 2 1
github.com/getaxonflow/axonflow-sdk-go/v5/axonflow.go:1210.44,1212.3 1 1
github.com/getaxonflow/axonflow-sdk-go/v5/axonflow.go:1214.2,1214.38 1 1
github.com/getaxonflow/axonflow-sdk-go/v5/axonflow.go:1214.38,1217.3 2 0
github.com/getaxonflow/axonflow-sdk-go/v5/axonflow.go:1219.2,1220.67 2 1
github.com/getaxonflow/axonflow-sdk-go/v5/axonflow.go:1220.67,1222.3 1 0
github.com/getaxonflow/axonflow-sdk-go/v5/axonflow.go:1224.2,1224.20 1 1
github.com/getaxonflow/axonflow-sdk-go/v5/axonflow.go:1224.20,1226.3 1 1
github.com/getaxonflow/axonflow-sdk-go/v5/axonflow.go:1228.2,1228.21 1 1
github.com/getaxonflow/axonflow-sdk-go/v5/axonflow.go:1232.78,1234.16 2 1
github.com/getaxonflow/axonflow-sdk-go/v5/axonflow.go:1234.16,1236.3 1 0
github.com/getaxonflow/axonflow-sdk-go/v5/axonflow.go:1239.2,1241.16 3 1
github.com/getaxonflow/axonflow-sdk-go/v5/axonflow.go:1241.16,1243.3 1 0
github.com/getaxonflow/axonflow-sdk-go/v5/axonflow.go:1245.2,1249.16 4 1
github.com/getaxonflow/axonflow-sdk-go/v5/axonflow.go:1249.16,1251.3 1 0
github.com/getaxonflow/axonflow-sdk-go/v5/axonflow.go:1252.2,1254.79 2 1
github.com/getaxonflow/axonflow-sdk-go/v5/axonflow.go:1254.79,1257.3 2 1
github.com/getaxonflow/axonflow-sdk-go/v5/axonflow.go:1259.2,1259.20 1 1
github.com/getaxonflow/axonflow-sdk-go/v5/axonflow.go:1259.20,1261.3 1 1
github.com/getaxonflow/axonflow-sdk-go/v5/axonflow.go:1263.2,1263.12 1 1
github.com/getaxonflow/axonflow-sdk-go/v5/axonflow.go:1267.73,1270.16 3 1
github.com/getaxonflow/axonflow-sdk-go/v5/axonflow.go:1270.16,1272.3 1 0
github.com/getaxonflow/axonflow-sdk-go/v5/axonflow.go:1274.2,1277.16 3 1
github.com/getaxonflow/axonflow-sdk-go/v5/axonflow.go:1277.16,1279.3 1 0
github.com/getaxonflow/axonflow-sdk-go/v5/axonflow.go:1280.2,1282.81 2 1
github.com/getaxonflow/axonflow-sdk-go/v5/axonflow.go:1282.81,1285.3 2 1
github.com/getaxonflow/axonflow-sdk-go/v5/axonflow.go:1287.2,1287.20 1 1
github.com/getaxonflow/axonflow-sdk-go/v5/axonflow.go:1287.20,1289.3 1 0
github.com/getaxonflow/axonflow-sdk-go/v5/axonflow.go:1291.2,1291.12 1 1
github.com/getaxonflow/axonflow-sdk-go/v5/axonflow.go:1295.140,1302.16 3 1
github.com/getaxonflow/axonflow-sdk-go/v5/axonflow.go:1302.16,1304.3 1 0
github.com/getaxonflow/axonflow-sdk-go/v5/axonflow.go:1306.2,1313.22 2 1
github.com/getaxonflow/axonflow-sdk-go/v5/axonflow.go:1330.105,1331.25 1 1
github.com/getaxonflow/axonflow-sdk-go/v5/axonflow.go:1331.25,1333.3 1 0
github.com/getaxonflow/axonflow-sdk-go/v5/axonflow.go:1334.2,1334.25 1 1
github.com/getaxonflow/axonflow-sdk-go/v5/axonflow.go:1334.25,1336.3 1 0
github.com/getaxonflow/axonflow-sdk-go/v5/axonflow.go:1338.2,1341.74 3 1
github.com/getaxonflow/axonflow-sdk-go/v5/axonflow.go:1341.74,1343.3 1 1
github.com/getaxonflow/axonflow-sdk-go/v5/axonflow.go:1345.2,1345.21 1 1
github.com/getaxonflow/axonflow-sdk-go/v5/axonflow.go:1368.110,1369.25 1 1
github.com/getaxonflow/axonflow-sdk-go/v5/axonflow.go:1369.25,1371.3 1 0
github.com/getaxonflow/axonflow-sdk-go/v5/axonflow.go:1372.2,1372.22 1 1
github.com/getaxonflow/axonflow-sdk-go/v5/axonflow.go:1372.22,1374.3 1 0
github.com/getaxonflow/axonflow-sdk-go/v5/axonflow.go:1376.2,1379.74 3 1
github.com/getaxonflow/axonflow-sdk-go/v5/axonflow.go:1379.74,1381.3 1 0
github.com/getaxonflow/axonflow-sdk-go/v5/axonflow.go:1383.2,1383.21 1 1
github.com/getaxonflow/axonflow-sdk-go/v5/axonflow.go:1425.119,1426.25 1 1
github.com/getaxonflow/axonflow-sdk-go/v5/axonflow.go:1426.25,1428.3 1 1
github.com/getaxonflow/axonflow-sdk-go/v5/axonflow.go:1429.2,1431.73 3 1
github.com/getaxonflow/axonflow-sdk-go/v5/axonflow.go:1431.73,1433.3 1 0
github.com/getaxonflow/axonflow-sdk-go/v5/axonflow.go:1434.2,1434.21 1 1
github.com/getaxonflow/axonflow-sdk-go/v5/axonflow.go:1441.122,1444.73 3 1
github.com/getaxonflow/axonflow-sdk-go/v5/axonflow.go:1444.73,1446.3 1 0
github.com/getaxonflow/axonflow-sdk-go/v5/axonflow.go:1447.2,1447.21 1 1
github.com/getaxonflow/axonflow-sdk-go/v5/axonflow.go:1451.120,1453.2 1 0
github.com/getaxonflow/axonflow-sdk-go/v5/axonflow.go:1456.123,1458.2 1 0
github.com/getaxonflow/axonflow-sdk-go/v5/axonflow.go:1464.112,1466.18 2 1
github.com/getaxonflow/axonflow-sdk-go/v5/axonflow.go:1466.18,1468.3 1 1
github.com/getaxonflow/axonflow-sdk-go/v5/axonflow.go:1471.2,1472.46 2 1
github.com/getaxonflow/axonflow-sdk-go/v5/axonflow.go:1472.46,1474.3 1 1
github.com/getaxonflow/axonflow-sdk-go/v5/axonflow.go:1477.2,1486.16 3 1
github.com/getaxonflow/axonflow-sdk-go/v5/axonflow.go:1486.16,1488.3 1 0
github.com/getaxonflow/axonflow-sdk-go/v5/axonflow.go:1490.2,1490.19 1 1
github.com/getaxonflow/axonflow-sdk-go/v5/axonflow.go:1490.19,1492.3 1 1
github.com/getaxonflow/axonflow-sdk-go/v5/axonflow.go:1495.2,1496.9 2 1
github.com/getaxonflow/axonflow-sdk-go/v5/axonflow.go:1496.9,1498.3 1 0
github.com/getaxonflow/axonflow-sdk-go/v5/axonflow.go:1501.2,1503.57 3 1
github.com/getaxonflow/axonflow-sdk-go/v5/axonflow.go:1503.57,1505.3 1 0
github.com/getaxonflow/axonflow-sdk-go/v5/axonflow.go:1507.2,1509.20 2 1
github.com/getaxonflow/axonflow-sdk-go/v5/axonflow.go:1509.20,1511.3 1 1
github.com/getaxonflow/axonflow-sdk-go/v5/axonflow.go:1513.2,1513.19 1 1
github.com/getaxonflow/axonflow-sdk-go/v5/axonflow.go:1517.88,1519.16 2 1
github.com/getaxonflow/axonflow-sdk-go/v5/axonflow.go:1519.16,1521.3 1 0
github.com/getaxonflow/axonflow-sdk-go/v5/axonflow.go:1523.2,1524.16 2 1
github.com/getaxonflow/axonflow-sdk-go/v5/axonflow.go:1524.16,1526.3 1 0
github.com/getaxonflow/axonflow-sdk-go/v5/axonflow.go:1528.2,1532.20 3 1
github.com/getaxonflow/axonflow-sdk-go/v5/axonflow.go:1532.20,1534.3 1 1
github.com/getaxonflow/axonflow-sdk-go/v5/axonflow.go:1536.2,1538.16 3 1
github.com/getaxonflow/axonflow-sdk-go/v5/axonflow.go:1538.16,1540.3 1 0
github.com/getaxonflow/axonflow-sdk-go/v5/axonflow.go:1541.2,1546.16 4 1
github.com/getaxonflow/axonflow-sdk-go/v5/axonflow.go:1546.16,1548.3 1 0
github.com/getaxonflow/axonflow-sdk-go/v5/axonflow.go:1550.2,1550.20 1 1
github.com/getaxonflow/axonflow-sdk-go/v5/axonflow.go:1550.20,1552.3 1 1
github.com/getaxonflow/axonflow-sdk-go/v5/axonflow.go:1554.2,1554.38 1 1
github.com/getaxonflow/axonflow-sdk-go/v5/axonflow.go:1554.38,1559.3 1 0
github.com/getaxonflow/axonflow-sdk-go/v5/axonflow.go:1561.2,1562.58 2 1
github.com/getaxonflow/axonflow-sdk-go/v5/axonflow.go:1562.58,1564.3 1 0
github.com/getaxonflow/axonflow-sdk-go/v5/axonflow.go:1567.2,1567.28 1 1
github.com/getaxonflow/axonflow-sdk-go/v5/axonflow.go:1567.28,1568.66 1 1
github.com/getaxonflow/axonflow-sdk-go/v5/axonflow.go:1568.66,1569.88 1 1
github.com/getaxonflow/axonflow-sdk-go/v5/axonflow.go:1569.88,1570.66 1 0
github.com/getaxonflow/axonflow-sdk-go/v5/axonflow.go:1570.66,1573.6 2 0
github.com/getaxonflow/axonflow-sdk-go/v5/axonflow.go:1575.4,1575.31 1 1
github.com/getaxonflow/axonflow-sdk-go/v5/axonflow.go:1575.31,1576.91 1 1
github.com/getaxonflow/axonflow-sdk-go/v5/axonflow.go:1576.91,1578.6 1 0
github.com/getaxonflow/axonflow-sdk-go/v5/axonflow.go:1580.4,1580.31 1 1
github.com/getaxonflow/axonflow-sdk-go/v5/axonflow.go:1580.31,1581.92 1 0
github.com/getaxonflow/axonflow-sdk-go/v5/axonflow.go:1581.92,1583.6 1 0
github.com/getaxonflow/axonflow-sdk-go/v5/axonflow.go:1585.4,1585.34 1 1
github.com/getaxonflow/axonflow-sdk-go/v5/axonflow.go:1585.34,1586.95 1 1
github.com/getaxonflow/axonflow-sdk-go/v5/axonflow.go:1586.95,1588.6 1 0
github.com/getaxonflow/axonflow-sdk-go/v5/axonflow.go:1593.2,1593.25 1 1
github.com/getaxonflow/axonflow-sdk-go/v5/axonflow.go:1599.106,1606.46 3 1
github.com/getaxonflow/axonflow-sdk-go/v5/axonflow.go:1606.46,1608.3 1 1
github.com/getaxonflow/axonflow-sdk-go/v5/axonflow.go:1610.2,1611.16 2 1
github.com/getaxonflow/axonflow-sdk-go/v5/axonflow.go:1611.16,1613.3 1 0
github.com/getaxonflow/axonflow-sdk-go/v5/axonflow.go:1615.2,1623.22 2 1
github.com/getaxonflow/axonflow-sdk-go/v5/axonflow.go:1623.22,1624.60 1 0
github.com/getaxonflow/axonflow-sdk-go/v5/axonflow.go:1624.60,1625.68 1 0
github.com/getaxonflow/axonflow-sdk-go/v5/axonflow.go:1625.68,1627.5 1 0
github.com/getaxonflow/axonflow-sdk-go/v5/axonflow.go:1628.4,1628.55 1 0
github.com/getaxonflow/axonflow-sdk-go/v5/axonflow.go:1628.55,1630.5 1 0
github.com/getaxonflow/axonflow-sdk-go/v5/axonflow.go:1631.4,1631.55 1 0
github.com/getaxonflow/axonflow-sdk-go/v5/axonflow.go:1631.55,1633.5 1 0
github.com/getaxonflow/axonflow-sdk-go/v5/axonflow.go:1634.4,1634.54 1 0
github.com/getaxonflow/axonflow-sdk-go/v5/axonflow.go:1634.54,1636.5 1 0
github.com/getaxonflow/axonflow-sdk-go/v5/axonflow.go:1640.2,1640.60 1 1
github.com/getaxonflow/axonflow-sdk-go/v5/axonflow.go:1640.60,1641.73 1 1
github.com/getaxonflow/axonflow-sdk-go/v5/axonflow.go:1641.73,1643.4 1 0
github.com/getaxonflow/axonflow-sdk-go/v5/axonflow.go:1646.2,1646.26 1 1
github.com/getaxonflow/axonflow-sdk-go/v5/axonflow.go:1646.26,1647.61 1 1
github.com/getaxonflow/axonflow-sdk-go/v5/axonflow.go:1647.61,1649.4 1 1
github.com/getaxonflow/axonflow-sdk-go/v5/axonflow.go:1650.3,1650.75 1 1
github.com/getaxonflow/axonflow-sdk-go/v5/axonflow.go:1650.75,1652.35 1 1
github.com/getaxonflow/axonflow-sdk-go/v5/axonflow.go:1652.35,1653.53 1 1
github.com/getaxonflow/axonflow-sdk-go/v5/axonflow.go:1653.53,1655.49 2 1
github.com/getaxonflow/axonflow-sdk-go/v5/axonflow.go:1655.49,1657.7 1 1
github.com/getaxonflow/axonflow-sdk-go/v5/axonflow.go:1658.6,1658.53 1 1
github.com/getaxonflow/axonflow-sdk-go/v5/axonflow.go:1658.53,1660.7 1 1
github.com/getaxonflow/axonflow-sdk-go/v5/axonflow.go:1661.6,1661.52 1 1
github.com/getaxonflow/axonflow-sdk-go/v5/axonflow.go:1661.52,1663.7 1 1
github.com/getaxonflow/axonflow-sdk-go/v5/axonflow.go:1664.6,1664.43 1 1
github.com/getaxonflow/axonflow-sdk-go/v5/axonflow.go:1664.43,1666.7 1 1
github.com/getaxonflow/axonflow-sdk-go/v5/axonflow.go:1667.6,1667.51 1 1
github.com/getaxonflow/axonflow-sdk-go/v5/axonflow.go:1667.51,1669.7 1 0
github.com/getaxonflow/axonflow-sdk-go/v5/axonflow.go:1670.6,1670.51 1 1
github.com/getaxonflow/axonflow-sdk-go/v5/axonflow.go:1670.51,1672.7 1 1
github.com/getaxonflow/axonflow-sdk-go/v5/axonflow.go:1673.6,1673.69 1 1
github.com/getaxonflow/axonflow-sdk-go/v5/axonflow.go:1677.3,1677.70 1 1
github.com/getaxonflow/axonflow-sdk-go/v5/axonflow.go:1677.70,1679.4 1 1
github.com/getaxonflow/axonflow-sdk-go/v5/axonflow.go:1680.3,1680.62 1 1
github.com/getaxonflow/axonflow-sdk-go/v5/axonflow.go:1680.62,1682.4 1 1
github.com/getaxonflow/axonflow-sdk-go/v5/axonflow.go:1685.2,1685.19 1 1
github.com/getaxonflow/axonflow-sdk-go/v5/axonflow.go:1685.19,1687.21 2 1
github.com/getaxonflow/axonflow-sdk-go/v5/axonflow.go:1687.21,1689.4 1 0
github.com/getaxonflow/axonflow-sdk-go/v5/axonflow.go:1690.3,1691.19 2 1
github.com/getaxonflow/axonflow-sdk-go/v5/axonflow.go:1691.19,1693.4 1 0
github.com/getaxonflow/axonflow-sdk-go/v5/axonflow.go:1694.3,1694.44 1 1
github.com/getaxonflow/axonflow-sdk-go/v5/axonflow.go:1697.2,1697.20 1 1
github.com/getaxonflow/axonflow-sdk-go/v5/axonflow.go:1697.20,1699.3 1 1
github.com/getaxonflow/axonflow-sdk-go/v5/axonflow.go:1701.2,1701.22 1 1
github.com/getaxonflow/axonflow-sdk-go/v5/axonflow.go:1705.87,1707.16 2 1
github.com/getaxonflow/axonflow-sdk-go/v5/axonflow.go:1707.16,1709.3 1 0
github.com/getaxonflow/axonflow-sdk-go/v5/axonflow.go:1710.2,1712.16 3 1
github.com/getaxonflow/axonflow-sdk-go/v5/axonflow.go:1712.16,1714.3 1 0
github.com/getaxonflow/axonflow-sdk-go/v5/axonflow.go:1715.2,1717.38 2 1
github.com/getaxonflow/axonflow-sdk-go/v5/axonflow.go:1717.38,1720.3 2 1
github.com/getaxonflow/axonflow-sdk-go/v5/axonflow.go:1722.2,1723.67 2 1
github.com/getaxonflow/axonflow-sdk-go/v5/axonflow.go:1723.67,1725.3 1 0
github.com/getaxonflow/axonflow-sdk-go/v5/axonflow.go:1727.2,1727.21 1 1
github.com/getaxonflow/axonflow-sdk-go/v5/axonflow.go:1733.99,1735.21 2 1
github.com/getaxonflow/axonflow-sdk-go/v5/axonflow.go:1735.21,1737.3 1 1
github.com/getaxonflow/axonflow-sdk-go/v5/axonflow.go:1739.2,1740.24 2 1
github.com/getaxonflow/axonflow-sdk-go/v5/axonflow.go:1740.24,1742.3 1 1
github.com/getaxonflow/axonflow-sdk-go/v5/axonflow.go:1744.2,1745.16 2 1
github.com/getaxonflow/axonflow-sdk-go/v5/axonflow.go:1745.16,1747.3 1 0
github.com/getaxonflow/axonflow-sdk-go/v5/axonflow.go:1749.2,1751.16 3 1
github.com/getaxonflow/axonflow-sdk-go/v5/axonflow.go:1751.16,1753.3 1 0
github.com/getaxonflow/axonflow-sdk-go/v5/axonflow.go:1755.2,1758.20 3 1
github.com/getaxonflow/axonflow-sdk-go/v5/axonflow.go:1758.20,1760.3 1 0
github.com/getaxonflow/axonflow-sdk-go/v5/axonflow.go:1762.2,1763.16 2 1
github.com/getaxonflow/axonflow-sdk-go/v5/axonflow.go:1763.16,1765.3 1 0
github.com/getaxonflow/axonflow-sdk-go/v5/axonflow.go:1766.2,1769.16 3 1
github.com/getaxonflow/axonflow-sdk-go/v5/axonflow.go:1769.16,1771.3 1 0
github.com/getaxonflow/axonflow-sdk-go/v5/axonflow.go:1773.2,1773.38 1 1
github.com/getaxonflow/axonflow-sdk-go/v5/axonflow.go:1773.38,1775.3 1 1
github.com/getaxonflow/axonflow-sdk-go/v5/axonflow.go:1777.2,1778.58 2 1
github.com/getaxonflow/axonflow-sdk-go/v5/axonflow.go:1778.58,1780.3 1 0
github.com/getaxonflow/axonflow-sdk-go/v5/axonflow.go:1782.2,1782.20 1 1
github.com/getaxonflow/axonflow-sdk-go/v5/axonflow.go:1782.20,1784.3 1 0
github.com/getaxonflow/axonflow-sdk-go/v5/axonflow.go:1786.2,1786.25 1 1
github.com/getaxonflow/axonflow-sdk-go/v5/axonflow.go:1792.104,1794.16 2 1
github.com/getaxonflow/axonflow-sdk-go/v5/axonflow.go:1794.16,1796.3 1 0
github.com/getaxonflow/axonflow-sdk-go/v5/axonflow.go:1798.2,1800.16 3 1
github.com/getaxonflow/axonflow-sdk-go/v5/axonflow.go:1800.16,1802.3 1 0
github.com/getaxonflow/axonflow-sdk-go/v5/axonflow.go:1804.2,1807.20 3 1
github.com/getaxonflow/axonflow-sdk-go/v5/axonflow.go:1807.20,1809.3 1 0
github.com/getaxonflow/axonflow-sdk-go/v5/axonflow.go:1811.2,1812.16 2 1
github.com/getaxonflow/axonflow-sdk-go/v5/axonflow.go:1812.16,1814.3 1 0
github.com/getaxonflow/axonflow-sdk-go/v5/axonflow.go:1815.2,1818.16 3 1
github.com/getaxonflow/axonflow-sdk-go/v5/axonflow.go:1818.16,1820.3 1 0
github.com/getaxonflow/axonflow-sdk-go/v5/axonflow.go:1823.2,1823.44 1 1
github.com/getaxonflow/axonflow-sdk-go/v5/axonflow.go:1823.44,1825.3 1 1
github.com/getaxonflow/axonflow-sdk-go/v5/axonflow.go:1827.2,1827.38 1 1
github.com/getaxonflow/axonflow-sdk-go/v5/axonflow.go:1827.38,1829.3 1 1
github.com/getaxonflow/axonflow-sdk-go/v5/axonflow.go:1831.2,1832.58 2 1
github.com/getaxonflow/axonflow-sdk-go/v5/axonflow.go:1832.58,1834.3 1 0
github.com/getaxonflow/axonflow-sdk-go/v5/axonflow.go:1836.2,1836.20 1 1
github.com/getaxonflow/axonflow-sdk-go/v5/axonflow.go:1836.20,1838.3 1 0
github.com/getaxonflow/axonflow-sdk-go/v5/axonflow.go:1840.2,1840.25 1 1
github.com/getaxonflow/axonflow-sdk-go/v5/axonflow.go:1844.88,1848.16 3 1
github.com/getaxonflow/axonflow-sdk-go/v5/axonflow.go:1848.16,1850.3 1 0
github.com/getaxonflow/axonflow-sdk-go/v5/axonflow.go:1852.2,1854.20 2 1
github.com/getaxonflow/axonflow-sdk-go/v5/axonflow.go:1854.20,1856.3 1 0
github.com/getaxonflow/axonflow-sdk-go/v5/axonflow.go:1858.2,1859.16 2 1
github.com/getaxonflow/axonflow-sdk-go/v5/axonflow.go:1859.16,1861.3 1 0
github.com/getaxonflow/axonflow-sdk-go/v5/axonflow.go:1862.2,1865.16 3 1
github.com/getaxonflow/axonflow-sdk-go/v5/axonflow.go:1865.16,1867.3 1 0
github.com/getaxonflow/axonflow-sdk-go/v5/axonflow.go:1869.2,1869.38 1 1
github.com/getaxonflow/axonflow-sdk-go/v5/axonflow.go:1869.38,1871.3 1 1
github.com/getaxonflow/axonflow-sdk-go/v5/axonflow.go:1873.2,1874.60 2 1
github.com/getaxonflow/axonflow-sdk-go/v5/axonflow.go:1874.60,1876.3 1 0
github.com/getaxonflow/axonflow-sdk-go/v5/axonflow.go:1878.2,1878.20 1 1
github.com/getaxonflow/axonflow-sdk-go/v5/axonflow.go:1878.20,1880.3 1 0
github.com/getaxonflow/axonflow-sdk-go/v5/axonflow.go:1882.2,1882.27 1 1
github.com/getaxonflow/axonflow-sdk-go/v5/axonflow.go:1888.99,1890.23 2 1
github.com/getaxonflow/axonflow-sdk-go/v5/axonflow.go:1890.23,1892.3 1 1
github.com/getaxonflow/axonflow-sdk-go/v5/axonflow.go:1894.2,1899.16 3 1
github.com/getaxonflow/axonflow-sdk-go/v5/axonflow.go:1899.16,1901.3 1 0
github.com/getaxonflow/axonflow-sdk-go/v5/axonflow.go:1903.2,1905.16 3 1
github.com/getaxonflow/axonflow-sdk-go/v5/axonflow.go:1905.16,1907.3 1 0
github.com/getaxonflow/axonflow-sdk-go/v5/axonflow.go:1909.2,1912.20 3 1
github.com/getaxonflow/axonflow-sdk-go/v5/axonflow.go:1912.20,1914.3 1 0
github.com/getaxonflow/axonflow-sdk-go/v5/axonflow.go:1916.2,1917.16 2 1
github.com/getaxonflow/axonflow-sdk-go/v5/axonflow.go:1917.16,1919.3 1 0
github.com/getaxonflow/axonflow-sdk-go/v5/axonflow.go:1920.2,1923.16 3 1
github.com/getaxonflow/axonflow-sdk-go/v5/axonflow.go:1923.16,1925.3 1 0
github.com/getaxonflow/axonflow-sdk-go/v5/axonflow.go:1927.2,1927.38 1 1
github.com/getaxonflow/axonflow-sdk-go/v5/axonflow.go:1927.38,1929.3 1 1
github.com/getaxonflow/axonflow-sdk-go/v5/axonflow.go:1931.2,1932.58 2 1
github.com/getaxonflow/axonflow-sdk-go/v5/axonflow.go:1932.58,1934.3 1 0
github.com/getaxonflow/axonflow-sdk-go/v5/axonflow.go:1936.2,1936.20 1 1
github.com/getaxonflow/axonflow-sdk-go/v5/axonflow.go:1936.20,1938.3 1 0
github.com/getaxonflow/axonflow-sdk-go/v5/axonflow.go:1940.2,1940.25 1 1
github.com/getaxonflow/axonflow-sdk-go/v5/axonflow.go:1945.104,1948.16 3 1
github.com/getaxonflow/axonflow-sdk-go/v5/axonflow.go:1948.16,1950.3 1 0
github.com/getaxonflow/axonflow-sdk-go/v5/axonflow.go:1952.2,1954.20 2 1
github.com/getaxonflow/axonflow-sdk-go/v5/axonflow.go:1954.20,1956.3 1 0
github.com/getaxonflow/axonflow-sdk-go/v5/axonflow.go:1958.2,1959.16 2 1
github.com/getaxonflow/axonflow-sdk-go/v5/axonflow.go:1959.16,1961.3 1 0
github.com/getaxonflow/axonflow-sdk-go/v5/axonflow.go:1962.2,1965.16 3 1
github.com/getaxonflow/axonflow-sdk-go/v5/axonflow.go:1965.16,1967.3 1 0
github.com/getaxonflow/axonflow-sdk-go/v5/axonflow.go:1970.2,1970.44 1 1
github.com/getaxonflow/axonflow-sdk-go/v5/axonflow.go:1970.44,1972.3 1 1
github.com/getaxonflow/axonflow-sdk-go/v5/axonflow.go:1974.2,1974.38 1 1
github.com/getaxonflow/axonflow-sdk-go/v5/axonflow.go:1974.38,1976.3 1 1
github.com/getaxonflow/axonflow-sdk-go/v5/axonflow.go:1978.2,1979.60 2 1
github.com/getaxonflow/axonflow-sdk-go/v5/axonflow.go:1979.60,1981.3 1 0
github.com/getaxonflow/axonflow-sdk-go/v5/axonflow.go:1983.2,1983.20 1 1
github.com/getaxonflow/axonflow-sdk-go/v5/axonflow.go:1983.20,1986.3 1 0
github.com/getaxonflow/axonflow-sdk-go/v5/axonflow.go:1988.2,1988.27 1 1
github.com/getaxonflow/axonflow-sdk-go/v5/axonflow.go:1996.149,1998.18 2 1
github.com/getaxonflow/axonflow-sdk-go/v5/axonflow.go:1998.18,2000.3 1 1
github.com/getaxonflow/axonflow-sdk-go/v5/axonflow.go:2001.2,2001.30 1 1
github.com/getaxonflow/axonflow-sdk-go/v5/axonflow.go:2001.30,2003.3 1 1
github.com/getaxonflow/axonflow-sdk-go/v5/axonflow.go:2006.2,2007.46 2 1
github.com/getaxonflow/axonflow-sdk-go/v5/axonflow.go:2007.46,2009.3 1 1
github.com/getaxonflow/axonflow-sdk-go/v5/axonflow.go:2012.2,2021.16 3 1
github.com/getaxonflow/axonflow-sdk-go/v5/axonflow.go:2021.16,2023.3 1 0
github.com/getaxonflow/axonflow-sdk-go/v5/axonflow.go:2025.2,2025.19 1 1
github.com/getaxonflow/axonflow-sdk-go/v5/axonflow.go:2025.19,2027.3 1 1
github.com/getaxonflow/axonflow-sdk-go/v5/axonflow.go:2030.2,2031.9 2 1
github.com/getaxonflow/axonflow-sdk-go/v5/axonflow.go:2031.9,2033.3 1 0
github.com/getaxonflow/axonflow-sdk-go/v5/axonflow.go:2036.2,2038.57 3 1
github.com/getaxonflow/axonflow-sdk-go/v5/axonflow.go:2038.57,2040.3 1 0
github.com/getaxonflow/axonflow-sdk-go/v5/axonflow.go:2042.2,2044.20 2 1
github.com/getaxonflow/axonflow-sdk-go/v5/axonflow.go:2044.20,2046.3 1 1
github.com/getaxonflow/axonflow-sdk-go/v5/axonflow.go:2048.2,2048.19 1 1
github.com/getaxonflow/axonflow-sdk-go/v5/axonflow.go:2061.34,2063.2 1 1
github.com/getaxonflow/axonflow-sdk-go/v5/axonflow.go:2091.56,2092.29 1 1
github.com/getaxonflow/axonflow-sdk-go/v5/axonflow.go:2092.29,2094.3 1 1
github.com/getaxonflow/axonflow-sdk-go/v5/axonflow.go:2095.2,2095.20 1 0
github.com/getaxonflow/axonflow-sdk-go/v5/axonflow.go:2103.34,2104.24 1 1
github.com/getaxonflow/axonflow-sdk-go/v5/axonflow.go:2104.24,2106.3 1 1
github.com/getaxonflow/axonflow-sdk-go/v5/axonflow.go:2107.2,2107.20 1 1
github.com/getaxonflow/axonflow-sdk-go/v5/axonflow.go:2107.20,2109.3 1 1
github.com/getaxonflow/axonflow-sdk-go/v5/axonflow.go:2112.2,2123.16 4 1
github.com/getaxonflow/axonflow-sdk-go/v5/axonflow.go:2123.16,2125.3 1 0
github.com/getaxonflow/axonflow-sdk-go/v5/axonflow.go:2127.2,2128.16 2 1
github.com/getaxonflow/axonflow-sdk-go/v5/axonflow.go:2128.16,2130.3 1 0
github.com/getaxonflow/axonflow-sdk-go/v5/axonflow.go:2132.2,2136.20 3 1
github.com/getaxonflow/axonflow-sdk-go/v5/axonflow.go:2136.20,2138.3 1 1
github.com/getaxonflow/axonflow-sdk-go/v5/axonflow.go:2140.2,2141.16 2 1
github.com/getaxonflow/axonflow-sdk-go/v5/axonflow.go:2141.16,2143.3 1 0
github.com/getaxonflow/axonflow-sdk-go/v5/axonflow.go:2144.2,2147.16 3 1
github.com/getaxonflow/axonflow-sdk-go/v5/axonflow.go:2147.16,2149.3 1 0
github.com/getaxonflow/axonflow-sdk-go/v5/axonflow.go:2151.2,2151.38 1 1
github.com/getaxonflow/axonflow-sdk-go/v5/axonflow.go:2151.38,2156.3 1 0
github.com/getaxonflow/axonflow-sdk-go/v5/axonflow.go:2159.2,2174.55 2 1
github.com/getaxonflow/axonflow-sdk-go/v5/axonflow.go:2174.55,2176.3 1 0
github.com/getaxonflow/axonflow-sdk-go/v5/axonflow.go:2179.2,2180.16 2 1
github.com/getaxonflow/axonflow-sdk-go/v5/axonflow.go:2180.16,2183.21 2 0
github.com/getaxonflow/axonflow-sdk-go/v5/axonflow.go:2183.21,2185.4 1 0
github.com/getaxonflow/axonflow-sdk-go/v5/axonflow.go:2188.2,2199.30 2 1
github.com/getaxonflow/axonflow-sdk-go/v5/axonflow.go:2199.30,2201.35 2 1
github.com/getaxonflow/axonflow-sdk-go/v5/axonflow.go:2201.35,2203.4 1 0
github.com/getaxonflow/axonflow-sdk-go/v5/axonflow.go:2204.3,2208.4 1 1
github.com/getaxonflow/axonflow-sdk-go/v5/axonflow.go:2211.2,2211.20 1 1
github.com/getaxonflow/axonflow-sdk-go/v5/axonflow.go:2211.20,2214.3 1 1
github.com/getaxonflow/axonflow-sdk-go/v5/axonflow.go:2216.2,2216.20 1 1
github.com/getaxonflow/axonflow-sdk-go/v5/axonflow.go:2243.25,2244.21 1 1
github.com/getaxonflow/axonflow-sdk-go/v5/axonflow.go:2244.21,2246.3 1 1
github.com/getaxonflow/axonflow-sdk-go/v5/axonflow.go:2249.2,2267.16 4 1
github.com/getaxonflow/axonflow-sdk-go/v5/axonflow.go:2267.16,2269.3 1 0
github.com/getaxonflow/axonflow-sdk-go/v5/axonflow.go:2271.2,2272.16 2 1
github.com/getaxonflow/axonflow-sdk-go/v5/axonflow.go:2272.16,2274.3 1 0
github.com/getaxonflow/axonflow-sdk-go/v5/axonflow.go:2276.2,2280.20 3 1
github.com/getaxonflow/axonflow-sdk-go/v5/axonflow.go:2280.20,2283.3 1 1
github.com/getaxonflow/axonflow-sdk-go/v5/axonflow.go:2285.2,2286.16 2 1
github.com/getaxonflow/axonflow-sdk-go/v5/axonflow.go:2286.16,2288.3 1 0
github.com/getaxonflow/axonflow-sdk-go/v5/axonflow.go:2289.2,2292.16 3 1
github.com/getaxonflow/axonflow-sdk-go/v5/axonflow.go:2292.16,2294.3 1 0
github.com/getaxonflow/axonflow-sdk-go/v5/axonflow.go:2296.2,2296.38 1 1
github.com/getaxonflow/axonflow-sdk-go/v5/axonflow.go:2296.38,2301.3 1 0
github.com/getaxonflow/axonflow-sdk-go/v5/axonflow.go:2303.2,2308.55 2 1
github.com/getaxonflow/axonflow-sdk-go/v5/axonflow.go:2308.55,2310.3 1 0
github.com/getaxonflow/axonflow-sdk-go/v5/axonflow.go:2312.2,2317.20 2 1
github.com/getaxonflow/axonflow-sdk-go/v5/axonflow.go:2317.20,2319.3 1 1
github.com/getaxonflow/axonflow-sdk-go/v5/axonflow.go:2321.2,2321.20 1 1
github.com/getaxonflow/axonflow-sdk-go/v5/axonflow.go:2329.61,2331.63 1 1
github.com/getaxonflow/axonflow-sdk-go/v5/axonflow.go:2331.63,2333.3 1 1
github.com/getaxonflow/axonflow-sdk-go/v5/axonflow.go:2335.2,2335.40 1 1
github.com/getaxonflow/axonflow-sdk-go/v5/axonflow.go:2338.24,2339.11 1 1
github.com/getaxonflow/axonflow-sdk-go/v5/axonflow.go:2339.11,2341.3 1 1
github.com/getaxonflow/axonflow-sdk-go/v5/axonflow.go:2342.2,2342.10 1 1
github.com/getaxonflow/axonflow-sdk-go/v5/axonflow.go:2350.85,2351.20 1 0
github.com/getaxonflow/axonflow-sdk-go/v5/axonflow.go:2351.20,2353.3 1 0
github.com/getaxonflow/axonflow-sdk-go/v5/axonflow.go:2355.2,2356.96 2 0
github.com/getaxonflow/axonflow-sdk-go/v5/axonflow.go:2356.96,2358.3 1 0
github.com/getaxonflow/axonflow-sdk-go/v5/axonflow.go:2360.2,2360.21 1 0
github.com/getaxonflow/axonflow-sdk-go/v5/axonflow.go:2364.126,2365.20 1 0
github.com/getaxonflow/axonflow-sdk-go/v5/axonflow.go:2365.20,2367.3 1 0
github.com/getaxonflow/axonflow-sdk-go/v5/axonflow.go:2369.2,2370.96 2 0
github.com/getaxonflow/axonflow-sdk-go/v5/axonflow.go:2370.96,2372.3 1 0
github.com/getaxonflow/axonflow-sdk-go/v5/axonflow.go:2374.2,2374.21 1 0
github.com/getaxonflow/axonflow-sdk-go/v5/axonflow.go:2378.85,2379.20 1 0
github.com/getaxonflow/axonflow-sdk-go/v5/axonflow.go:2379.20,2381.3 1 0
github.com/getaxonflow/axonflow-sdk-go/v5/axonflow.go:2383.2,2384.96 2 0
github.com/getaxonflow/axonflow-sdk-go/v5/axonflow.go:2384.96,2386.3 1 0
github.com/getaxonflow/axonflow-sdk-go/v5/axonflow.go:2388.2,2388.21 1 0
github.com/getaxonflow/axonflow-sdk-go/v5/axonflow.go:2408.94,2415.16 3 1
github.com/getaxonflow/axonflow-sdk-go/v5/axonflow.go:2415.16,2417.3 1 0
github.com/getaxonflow/axonflow-sdk-go/v5/axonflow.go:2419.2,2422.16 3 1
github.com/getaxonflow/axonflow-sdk-go/v5/axonflow.go:2422.16,2424.3 1 0
github.com/getaxonflow/axonflow-sdk-go/v5/axonflow.go:2426.2,2428.20 2 1
github.com/getaxonflow/axonflow-sdk-go/v5/axonflow.go:2428.20,2430.3 1 0
github.com/getaxonflow/axonflow-sdk-go/v5/axonflow.go:2432.2,2433.16 2 1
github.com/getaxonflow/axonflow-sdk-go/v5/axonflow.go:2433.16,2435.3 1 0
github.com/getaxonflow/axonflow-sdk-go/v5/axonflow.go:2436.2,2439.16 3 1
github.com/getaxonflow/axonflow-sdk-go/v5/axonflow.go:2439.16,2441.3 1 0
github.com/getaxonflow/axonflow-sdk-go/v5/axonflow.go:2443.2,2443.28 1 1
github.com/getaxonflow/axonflow-sdk-go/v5/axonflow.go:2443.28,2448.3 1 0
github.com/getaxonflow/axonflow-sdk-go/v5/axonflow.go:2450.2,2451.61 2 1
github.com/getaxonflow/axonflow-sdk-go/v5/axonflow.go:2451.61,2453.3 1 0
github.com/getaxonflow/axonflow-sdk-go/v5/axonflow.go:2456.2,2456.40 1 1
github.com/getaxonflow/axonflow-sdk-go/v5/axonflow.go:2456.40,2457.40 1 1
github.com/getaxonflow/axonflow-sdk-go/v5/axonflow.go:2457.40,2459.22 2 1
github.com/getaxonflow/axonflow-sdk-go/v5/axonflow.go:2459.22,2461.5 1 0
github.com/getaxonflow/axonflow-sdk-go/v5/axonflow.go:2462.4,2462.9 1 1
github.com/getaxonflow/axonflow-sdk-go/v5/axonflow.go:2467.2,2467.56 1 1
github.com/getaxonflow/axonflow-sdk-go/v5/axonflow.go:2467.56,2469.21 2 0
github.com/getaxonflow/axonflow-sdk-go/v5/axonflow.go:2469.21,2471.4 1 0
github.com/getaxonflow/axonflow-sdk-go/v5/axonflow.go:2474.2,2474.24 1 1
github.com/getaxonflow/axonflow-sdk-go/v5/axonflow.go:2478.51,2479.27 1 1
github.com/getaxonflow/axonflow-sdk-go/v5/axonflow.go:2479.27,2481.3 1 0
github.com/getaxonflow/axonflow-sdk-go/v5/axonflow.go:2483.2,2486.16 3 1
github.com/getaxonflow/axonflow-sdk-go/v5/axonflow.go:2486.16,2488.3 1 0
github.com/getaxonflow/axonflow-sdk-go/v5/axonflow.go:2490.2,2496.16 3 1
github.com/getaxonflow/axonflow-sdk-go/v5/axonflow.go:2496.16,2498.3 1 0
github.com/getaxonflow/axonflow-sdk-go/v5/axonflow.go:2499.2,2503.20 3 1
github.com/getaxonflow/axonflow-sdk-go/v5/axonflow.go:2503.20,2505.3 1 0
github.com/getaxonflow/axonflow-sdk-go/v5/axonflow.go:2507.2,2507.12 1 1
github.com/getaxonflow/axonflow-sdk-go/v5/axonflow.go:2511.44,2513.2 1 1
github.com/getaxonflow/axonflow-sdk-go/v5/axonflow.go:2517.130,2519.16 2 1
github.com/getaxonflow/axonflow-sdk-go/v5/axonflow.go:2519.16,2521.3 1 0
github.com/getaxonflow/axonflow-sdk-go/v5/axonflow.go:2523.2,2524.16 2 1
github.com/getaxonflow/axonflow-sdk-go/v5/axonflow.go:2524.16,2526.3 1 0
github.com/getaxonflow/axonflow-sdk-go/v5/axonflow.go:2528.2,2531.20 3 1
github.com/getaxonflow/axonflow-sdk-go/v5/axonflow.go:2531.20,2533.3 1 0
github.com/getaxonflow/axonflow-sdk-go/v5/axonflow.go:2535.2,2536.16 2 1
github.com/getaxonflow/axonflow-sdk-go/v5/axonflow.go:2536.16,2538.3 1 0
github.com/getaxonflow/axonflow-sdk-go/v5/axonflow.go:2539.2,2542.16 3 1
github.com/getaxonflow/axonflow-sdk-go/v5/axonflow.go:2542.16,2544.3 1 0
github.com/getaxonflow/axonflow-sdk-go/v5/axonflow.go:2547.2,2547.71 1 1
github.com/getaxonflow/axonflow-sdk-go/v5/axonflow.go:2547.71,2552.3 1 0
github.com/getaxonflow/axonflow-sdk-go/v5/axonflow.go:2554.2,2554.57 1 1
github.com/getaxonflow/axonflow-sdk-go/v5/axonflow.go:2554.57,2556.3 1 0
github.com/getaxonflow/axonflow-sdk-go/v5/axonflow.go:2558.2,2558.12 1 1
github.com/getaxonflow/axonflow-sdk-go/v5/axonflow.go:2562.131,2564.17 2 1
github.com/getaxonflow/axonflow-sdk-go/v5/axonflow.go:2564.17,2566.17 2 1
github.com/getaxonflow/axonflow-sdk-go/v5/axonflow.go:2566.17,2568.4 1 0
github.com/getaxonflow/axonflow-sdk-go/v5/axonflow.go:2569.3,2569.39 1 1
github.com/getaxonflow/axonflow-sdk-go/v5/axonflow.go:2572.2,2573.16 2 1
github.com/getaxonflow/axonflow-sdk-go/v5/axonflow.go:2573.16,2575.3 1 0
github.com/getaxonflow/axonflow-sdk-go/v5/axonflow.go:2577.2,2580.20 3 1
github.com/getaxonflow/axonflow-sdk-go/v5/axonflow.go:2580.20,2582.3 1 1
github.com/getaxonflow/axonflow-sdk-go/v5/axonflow.go:2584.2,2585.16 2 1
github.com/getaxonflow/axonflow-sdk-go/v5/axonflow.go:2585.16,2587.3 1 1
github.com/getaxonflow/axonflow-sdk-go/v5/axonflow.go:2588.2,2591.16 3 1
github.com/getaxonflow/axonflow-sdk-go/v5/axonflow.go:2591.16,2593.3 1 0
github.com/getaxonflow/axonflow-sdk-go/v5/axonflow.go:2595.2,2595.28 1 1
github.com/getaxonflow/axonflow-sdk-go/v5/axonflow.go:2595.28,2600.3 1 1
github.com/getaxonflow/axonflow-sdk-go/v5/axonflow.go:2603.2,2603.50 1 1
github.com/getaxonflow/axonflow-sdk-go/v5/axonflow.go:2603.50,2605.3 1 1
github.com/getaxonflow/axonflow-sdk-go/v5/axonflow.go:2607.2,2607.19 1 1
github.com/getaxonflow/axonflow-sdk-go/v5/axonflow.go:2607.19,2608.58 1 1
github.com/getaxonflow/axonflow-sdk-go/v5/axonflow.go:2608.58,2610.4 1 0
github.com/getaxonflow/axonflow-sdk-go/v5/axonflow.go:2613.2,2613.12 1 1
github.com/getaxonflow/axonflow-sdk-go/v5/circuit_breaker.go:120.110,124.78 3 1
github.com/getaxonflow/axonflow-sdk-go/v5/circuit_breaker.go:124.78,126.3 1 1
github.com/getaxonflow/axonflow-sdk-go/v5/circuit_breaker.go:128.2,128.20 1 1
github.com/getaxonflow/axonflow-sdk-go/v5/circuit_breaker.go:128.20,130.3 1 1
github.com/getaxonflow/axonflow-sdk-go/v5/circuit_breaker.go:132.2,132.27 1 1
github.com/getaxonflow/axonflow-sdk-go/v5/circuit_breaker.go:151.123,153.15 2 1
github.com/getaxonflow/axonflow-sdk-go/v5/circuit_breaker.go:153.15,155.3 1 1
github.com/getaxonflow/axonflow-sdk-go/v5/circuit_breaker.go:157.2,158.78 2 1
github.com/getaxonflow/axonflow-sdk-go/v5/circuit_breaker.go:158.78,160.3 1 1
github.com/getaxonflow/axonflow-sdk-go/v5/circuit_breaker.go:162.2,162.20 1 1
github.com/getaxonflow/axonflow-sdk-go/v5/circuit_breaker.go:162.20,164.3 1 0
github.com/getaxonflow/axonflow-sdk-go/v5/circuit_breaker.go:166.2,166.27 1 1
github.com/getaxonflow/axonflow-sdk-go/v5/circuit_breaker.go:186.119,188.20 2 1
github.com/getaxonflow/axonflow-sdk-go/v5/circuit_breaker.go:188.20,190.3 1 1
github.com/getaxonflow/axonflow-sdk-go/v5/circuit_breaker.go:192.2,193.78 2 1
github.com/getaxonflow/axonflow-sdk-go/v5/circuit_breaker.go:193.78,195.3 1 1
github.com/getaxonflow/axonflow-sdk-go/v5/circuit_breaker.go:197.2,197.20 1 1
github.com/getaxonflow/axonflow-sdk-go/v5/circuit_breaker.go:197.20,199.3 1 0
github.com/getaxonflow/axonflow-sdk-go/v5/circuit_breaker.go:201.2,201.27 1 1
github.com/getaxonflow/axonflow-sdk-go/v5/circuit_breaker.go:222.154,223.27 1 1
github.com/getaxonflow/axonflow-sdk-go/v5/circuit_breaker.go:223.27,225.3 1 1
github.com/getaxonflow/axonflow-sdk-go/v5/circuit_breaker.go:227.2,230.81 3 1
github.com/getaxonflow/axonflow-sdk-go/v5/circuit_breaker.go:230.81,232.3 1 1
github.com/getaxonflow/axonflow-sdk-go/v5/circuit_breaker.go:234.2,234.20 1 1
github.com/getaxonflow/axonflow-sdk-go/v5/circuit_breaker.go:234.20,236.3 1 0
github.com/getaxonflow/axonflow-sdk-go/v5/circuit_breaker.go:238.2,238.27 1 1
github.com/getaxonflow/axonflow-sdk-go/v5/code_governance.go:225.105,227.27 1 1
github.com/getaxonflow/axonflow-sdk-go/v5/code_governance.go:227.27,229.3 1 1
github.com/getaxonflow/axonflow-sdk-go/v5/code_governance.go:231.2,232.17 2 1
github.com/getaxonflow/axonflow-sdk-go/v5/code_governance.go:232.17,234.17 2 1
github.com/getaxonflow/axonflow-sdk-go/v5/code_governance.go:234.17,236.4 1 0
github.com/getaxonflow/axonflow-sdk-go/v5/code_governance.go:237.3,237.39 1 1
github.com/getaxonflow/axonflow-sdk-go/v5/code_governance.go:240.2,243.16 3 1
github.com/getaxonflow/axonflow-sdk-go/v5/code_governance.go:243.16,245.3 1 0
github.com/getaxonflow/axonflow-sdk-go/v5/code_governance.go:247.2,255.20 3 1
github.com/getaxonflow/axonflow-sdk-go/v5/code_governance.go:255.20,257.3 1 0
github.com/getaxonflow/axonflow-sdk-go/v5/code_governance.go:259.2,260.16 2 1
github.com/getaxonflow/axonflow-sdk-go/v5/code_governance.go:260.16,262.3 1 0
github.com/getaxonflow/axonflow-sdk-go/v5/code_governance.go:263.2,266.16 3 1
github.com/getaxonflow/axonflow-sdk-go/v5/code_governance.go:266.16,268.3 1 0
github.com/getaxonflow/axonflow-sdk-go/v5/code_governance.go:270.2,270.28 1 1
github.com/getaxonflow/axonflow-sdk-go/v5/code_governance.go:270.28,275.3 1 0
github.com/getaxonflow/axonflow-sdk-go/v5/code_governance.go:278.2,278.50 1 1
github.com/getaxonflow/axonflow-sdk-go/v5/code_governance.go:278.50,280.3 1 1
github.com/getaxonflow/axonflow-sdk-go/v5/code_governance.go:282.2,282.19 1 1
github.com/getaxonflow/axonflow-sdk-go/v5/code_governance.go:282.19,283.58 1 1
github.com/getaxonflow/axonflow-sdk-go/v5/code_governance.go:283.58,285.4 1 0
github.com/getaxonflow/axonflow-sdk-go/v5/code_governance.go:288.2,288.12 1 1
github.com/getaxonflow/axonflow-sdk-go/v5/code_governance.go:293.80,295.27 1 1
github.com/getaxonflow/axonflow-sdk-go/v5/code_governance.go:295.27,297.3 1 1
github.com/getaxonflow/axonflow-sdk-go/v5/code_governance.go:299.2,302.16 3 1
github.com/getaxonflow/axonflow-sdk-go/v5/code_governance.go:302.16,304.3 1 0
github.com/getaxonflow/axonflow-sdk-go/v5/code_governance.go:307.2,313.16 3 1
github.com/getaxonflow/axonflow-sdk-go/v5/code_governance.go:313.16,315.3 1 0
github.com/getaxonflow/axonflow-sdk-go/v5/code_governance.go:316.2,318.30 2 1
github.com/getaxonflow/axonflow-sdk-go/v5/code_governance.go:327.117,328.20 1 1
github.com/getaxonflow/axonflow-sdk-go/v5/code_governance.go:328.20,330.3 1 0
github.com/getaxonflow/axonflow-sdk-go/v5/code_governance.go:332.2,333.110 2 1
github.com/getaxonflow/axonflow-sdk-go/v5/code_governance.go:333.110,335.3 1 0
github.com/getaxonflow/axonflow-sdk-go/v5/code_governance.go:337.2,337.19 1 1
github.com/getaxonflow/axonflow-sdk-go/v5/code_governance.go:342.120,343.20 1 1
github.com/getaxonflow/axonflow-sdk-go/v5/code_governance.go:343.20,345.3 1 0
github.com/getaxonflow/axonflow-sdk-go/v5/code_governance.go:347.2,348.101 2 1
github.com/getaxonflow/axonflow-sdk-go/v5/code_governance.go:348.101,350.3 1 0
github.com/getaxonflow/axonflow-sdk-go/v5/code_governance.go:352.2,352.19 1 1
github.com/getaxonflow/axonflow-sdk-go/v5/code_governance.go:356.80,357.20 1 1
github.com/getaxonflow/axonflow-sdk-go/v5/code_governance.go:357.20,359.3 1 0
github.com/getaxonflow/axonflow-sdk-go/v5/code_governance.go:361.2,362.100 2 1
github.com/getaxonflow/axonflow-sdk-go/v5/code_governance.go:362.100,364.3 1 1
github.com/getaxonflow/axonflow-sdk-go/v5/code_governance.go:366.2,366.19 1 1
github.com/getaxonflow/axonflow-sdk-go/v5/code_governance.go:370.80,371.20 1 1
github.com/getaxonflow/axonflow-sdk-go/v5/code_governance.go:371.20,373.3 1 0
github.com/getaxonflow/axonflow-sdk-go/v5/code_governance.go:375.2,375.107 1 1
github.com/getaxonflow/axonflow-sdk-go/v5/code_governance.go:380.84,381.20 1 1
github.com/getaxonflow/axonflow-sdk-go/v5/code_governance.go:381.20,383.3 1 0
github.com/getaxonflow/axonflow-sdk-go/v5/code_governance.go:385.2,386.91 2 1
github.com/getaxonflow/axonflow-sdk-go/v5/code_governance.go:386.91,388.3 1 0
github.com/getaxonflow/axonflow-sdk-go/v5/code_governance.go:390.2,390.19 1 1
github.com/getaxonflow/axonflow-sdk-go/v5/code_governance.go:394.52,396.17 2 1
github.com/getaxonflow/axonflow-sdk-go/v5/code_governance.go:396.17,398.3 1 1
github.com/getaxonflow/axonflow-sdk-go/v5/code_governance.go:399.2,399.18 1 1
github.com/getaxonflow/axonflow-sdk-go/v5/code_governance.go:399.18,401.3 1 1
github.com/getaxonflow/axonflow-sdk-go/v5/code_governance.go:402.2,402.19 1 1
github.com/getaxonflow/axonflow-sdk-go/v5/code_governance.go:402.19,404.3 1 1
github.com/getaxonflow/axonflow-sdk-go/v5/code_governance.go:405.2,405.47 1 1
github.com/getaxonflow/axonflow-sdk-go/v5/code_governance.go:405.47,407.3 1 1
github.com/getaxonflow/axonflow-sdk-go/v5/code_governance.go:408.2,408.11 1 0
github.com/getaxonflow/axonflow-sdk-go/v5/code_governance.go:412.85,414.20 2 1
github.com/getaxonflow/axonflow-sdk-go/v5/code_governance.go:414.20,416.3 1 1
github.com/getaxonflow/axonflow-sdk-go/v5/code_governance.go:418.2,418.20 1 1
github.com/getaxonflow/axonflow-sdk-go/v5/code_governance.go:418.20,420.3 1 0
github.com/getaxonflow/axonflow-sdk-go/v5/code_governance.go:422.2,423.65 2 1
github.com/getaxonflow/axonflow-sdk-go/v5/code_governance.go:423.65,425.3 1 0
github.com/getaxonflow/axonflow-sdk-go/v5/code_governance.go:427.2,427.19 1 1
github.com/getaxonflow/axonflow-sdk-go/v5/code_governance.go:431.64,432.20 1 1
github.com/getaxonflow/axonflow-sdk-go/v5/code_governance.go:432.20,434.3 1 0
github.com/getaxonflow/axonflow-sdk-go/v5/code_governance.go:436.2,437.96 2 1
github.com/getaxonflow/axonflow-sdk-go/v5/code_governance.go:437.96,439.3 1 0
github.com/getaxonflow/axonflow-sdk-go/v5/code_governance.go:441.2,441.19 1 1
github.com/getaxonflow/axonflow-sdk-go/v5/code_governance.go:446.71,447.20 1 1
github.com/getaxonflow/axonflow-sdk-go/v5/code_governance.go:447.20,449.3 1 0
github.com/getaxonflow/axonflow-sdk-go/v5/code_governance.go:451.2,452.105 2 1
github.com/getaxonflow/axonflow-sdk-go/v5/code_governance.go:452.105,454.3 1 0
github.com/getaxonflow/axonflow-sdk-go/v5/code_governance.go:456.2,456.19 1 1
github.com/getaxonflow/axonflow-sdk-go/v5/code_governance.go:462.85,463.20 1 1
github.com/getaxonflow/axonflow-sdk-go/v5/code_governance.go:463.20,465.3 1 0
github.com/getaxonflow/axonflow-sdk-go/v5/code_governance.go:467.2,468.18 2 1
github.com/getaxonflow/axonflow-sdk-go/v5/code_governance.go:468.18,470.3 1 1
github.com/getaxonflow/axonflow-sdk-go/v5/code_governance.go:472.2,473.68 2 1
github.com/getaxonflow/axonflow-sdk-go/v5/code_governance.go:473.68,475.3 1 0
github.com/getaxonflow/axonflow-sdk-go/v5/code_governance.go:477.2,477.19 1 1
github.com/getaxonflow/axonflow-sdk-go/v5/code_governance.go:531.51,533.20 2 1
github.com/getaxonflow/axonflow-sdk-go/v5/code_governance.go:533.20,535.3 1 1
github.com/getaxonflow/axonflow-sdk-go/v5/code_governance.go:536.2,536.24 1 1
github.com/getaxonflow/axonflow-sdk-go/v5/code_governance.go:536.24,538.3 1 1
github.com/getaxonflow/axonflow-sdk-go/v5/code_governance.go:539.2,539.22 1 1
github.com/getaxonflow/axonflow-sdk-go/v5/code_governance.go:539.22,541.3 1 1
github.com/getaxonflow/axonflow-sdk-go/v5/code_governance.go:542.2,542.19 1 1
github.com/getaxonflow/axonflow-sdk-go/v5/code_governance.go:542.19,544.3 1 1
github.com/getaxonflow/axonflow-sdk-go/v5/code_governance.go:545.2,545.47 1 1
github.com/getaxonflow/axonflow-sdk-go/v5/code_governance.go:545.47,547.3 1 1
github.com/getaxonflow/axonflow-sdk-go/v5/code_governance.go:548.2,548.11 1 0
github.com/getaxonflow/axonflow-sdk-go/v5/code_governance.go:558.85,559.20 1 1
github.com/getaxonflow/axonflow-sdk-go/v5/code_governance.go:559.20,561.3 1 0
github.com/getaxonflow/axonflow-sdk-go/v5/code_governance.go:563.2,564.94 2 1
github.com/getaxonflow/axonflow-sdk-go/v5/code_governance.go:564.94,566.3 1 0
github.com/getaxonflow/axonflow-sdk-go/v5/code_governance.go:568.2,568.19 1 1
github.com/getaxonflow/axonflow-sdk-go/v5/code_governance.go:574.100,576.20 2 1
github.com/getaxonflow/axonflow-sdk-go/v5/code_governance.go:576.20,581.3 3 1
github.com/getaxonflow/axonflow-sdk-go/v5/code_governance.go:583.2,583.20 1 1
github.com/getaxonflow/axonflow-sdk-go/v5/code_governance.go:583.20,585.3 1 0
github.com/getaxonflow/axonflow-sdk-go/v5/code_governance.go:587.2,588.65 2 1
github.com/getaxonflow/axonflow-sdk-go/v5/code_governance.go:588.65,590.3 1 0
github.com/getaxonflow/axonflow-sdk-go/v5/code_governance.go:592.2,592.19 1 1
github.com/getaxonflow/axonflow-sdk-go/v5/code_governance.go:597.94,599.20 2 1
github.com/getaxonflow/axonflow-sdk-go/v5/code_governance.go:599.20,603.3 3 1
github.com/getaxonflow/axonflow-sdk-go/v5/code_governance.go:605.2,605.20 1 1
github.com/getaxonflow/axonflow-sdk-go/v5/code_governance.go:605.20,607.3 1 0
github.com/getaxonflow/axonflow-sdk-go/v5/code_governance.go:609.2,609.40 1 1
github.com/getaxonflow/axonflow-sdk-go/v5/cost_controls.go:214.102,215.20 1 1
github.com/getaxonflow/axonflow-sdk-go/v5/cost_controls.go:215.20,217.3 1 0
github.com/getaxonflow/axonflow-sdk-go/v5/cost_controls.go:219.2,220.84 2 1
github.com/getaxonflow/axonflow-sdk-go/v5/cost_controls.go:220.84,222.3 1 0
github.com/getaxonflow/axonflow-sdk-go/v5/cost_controls.go:224.2,224.21 1 1
github.com/getaxonflow/axonflow-sdk-go/v5/cost_controls.go:228.85,229.20 1 1
github.com/getaxonflow/axonflow-sdk-go/v5/cost_controls.go:229.20,231.3 1 0
github.com/getaxonflow/axonflow-sdk-go/v5/cost_controls.go:233.2,234.87 2 1
github.com/getaxonflow/axonflow-sdk-go/v5/cost_controls.go:234.87,236.3 1 1
github.com/getaxonflow/axonflow-sdk-go/v5/cost_controls.go:238.2,238.21 1 1
github.com/getaxonflow/axonflow-sdk-go/v5/cost_controls.go:242.113,245.20 2 1
github.com/getaxonflow/axonflow-sdk-go/v5/cost_controls.go:245.20,247.3 1 0
github.com/getaxonflow/axonflow-sdk-go/v5/cost_controls.go:249.2,250.72 2 1
github.com/getaxonflow/axonflow-sdk-go/v5/cost_controls.go:250.72,252.3 1 0
github.com/getaxonflow/axonflow-sdk-go/v5/cost_controls.go:254.2,254.23 1 1
github.com/getaxonflow/axonflow-sdk-go/v5/cost_controls.go:258.93,259.20 1 1
github.com/getaxonflow/axonflow-sdk-go/v5/cost_controls.go:259.20,261.3 1 0
github.com/getaxonflow/axonflow-sdk-go/v5/cost_controls.go:264.2,272.107 3 1
github.com/getaxonflow/axonflow-sdk-go/v5/cost_controls.go:272.107,274.3 1 0
github.com/getaxonflow/axonflow-sdk-go/v5/cost_controls.go:276.2,276.28 1 1
github.com/getaxonflow/axonflow-sdk-go/v5/cost_controls.go:280.77,281.20 1 1
github.com/getaxonflow/axonflow-sdk-go/v5/cost_controls.go:281.20,283.3 1 0
github.com/getaxonflow/axonflow-sdk-go/v5/cost_controls.go:285.2,285.70 1 1
github.com/getaxonflow/axonflow-sdk-go/v5/cost_controls.go:293.97,294.20 1 1
github.com/getaxonflow/axonflow-sdk-go/v5/cost_controls.go:294.20,296.3 1 0
github.com/getaxonflow/axonflow-sdk-go/v5/cost_controls.go:298.2,299.97 2 1
github.com/getaxonflow/axonflow-sdk-go/v5/cost_controls.go:299.97,301.3 1 0
github.com/getaxonflow/axonflow-sdk-go/v5/cost_controls.go:303.2,303.21 1 1
github.com/getaxonflow/axonflow-sdk-go/v5/cost_controls.go:307.116,309.15 2 1
github.com/getaxonflow/axonflow-sdk-go/v5/cost_controls.go:309.15,311.3 1 1
github.com/getaxonflow/axonflow-sdk-go/v5/cost_controls.go:313.2,313.20 1 1
github.com/getaxonflow/axonflow-sdk-go/v5/cost_controls.go:313.20,315.3 1 0
github.com/getaxonflow/axonflow-sdk-go/v5/cost_controls.go:317.2,318.72 2 1
github.com/getaxonflow/axonflow-sdk-go/v5/cost_controls.go:318.72,320.3 1 0
github.com/getaxonflow/axonflow-sdk-go/v5/cost_controls.go:323.2,323.28 1 1
github.com/getaxonflow/axonflow-sdk-go/v5/cost_controls.go:323.28,325.3 1 1
github.com/getaxonflow/axonflow-sdk-go/v5/cost_controls.go:327.2,327.23 1 1
github.com/getaxonflow/axonflow-sdk-go/v5/cost_controls.go:331.108,332.20 1 1
github.com/getaxonflow/axonflow-sdk-go/v5/cost_controls.go:332.20,334.3 1 0
github.com/getaxonflow/axonflow-sdk-go/v5/cost_controls.go:336.2,337.92 2 1
github.com/getaxonflow/axonflow-sdk-go/v5/cost_controls.go:337.92,339.3 1 0
github.com/getaxonflow/axonflow-sdk-go/v5/cost_controls.go:341.2,341.23 1 1
github.com/getaxonflow/axonflow-sdk-go/v5/cost_controls.go:349.113,352.20 2 1
github.com/getaxonflow/axonflow-sdk-go/v5/cost_controls.go:352.20,354.3 1 0
github.com/getaxonflow/axonflow-sdk-go/v5/cost_controls.go:356.2,357.71 2 1
github.com/getaxonflow/axonflow-sdk-go/v5/cost_controls.go:357.71,359.3 1 0
github.com/getaxonflow/axonflow-sdk-go/v5/cost_controls.go:361.2,361.22 1 1
github.com/getaxonflow/axonflow-sdk-go/v5/cost_controls.go:365.133,368.20 2 1
github.com/getaxonflow/axonflow-sdk-go/v5/cost_controls.go:368.20,370.3 1 0
github.com/getaxonflow/axonflow-sdk-go/v5/cost_controls.go:372.2,373.73 2 1
github.com/getaxonflow/axonflow-sdk-go/v5/cost_controls.go:373.73,375.3 1 0
github.com/getaxonflow/axonflow-sdk-go/v5/cost_controls.go:378.2,378.28 1 1
github.com/getaxonflow/axonflow-sdk-go/v5/cost_controls.go:378.28,380.3 1 1
github.com/getaxonflow/axonflow-sdk-go/v5/cost_controls.go:382.2,382.24 1 1
github.com/getaxonflow/axonflow-sdk-go/v5/cost_controls.go:386.122,389.20 2 1
github.com/getaxonflow/axonflow-sdk-go/v5/cost_controls.go:389.20,391.3 1 0
github.com/getaxonflow/axonflow-sdk-go/v5/cost_controls.go:393.2,394.72 2 1
github.com/getaxonflow/axonflow-sdk-go/v5/cost_controls.go:394.72,396.3 1 0
github.com/getaxonflow/axonflow-sdk-go/v5/cost_controls.go:399.2,399.29 1 1
github.com/getaxonflow/axonflow-sdk-go/v5/cost_controls.go:399.29,401.3 1 1
github.com/getaxonflow/axonflow-sdk-go/v5/cost_controls.go:403.2,403.23 1 1
github.com/getaxonflow/axonflow-sdk-go/v5/cost_controls.go:411.104,413.20 2 1
github.com/getaxonflow/axonflow-sdk-go/v5/cost_controls.go:413.20,415.3 1 1
github.com/getaxonflow/axonflow-sdk-go/v5/cost_controls.go:416.2,416.17 1 1
github.com/getaxonflow/axonflow-sdk-go/v5/cost_controls.go:416.17,418.3 1 1
github.com/getaxonflow/axonflow-sdk-go/v5/cost_controls.go:420.2,421.47 2 1
github.com/getaxonflow/axonflow-sdk-go/v5/cost_controls.go:421.47,423.3 1 1
github.com/getaxonflow/axonflow-sdk-go/v5/cost_controls.go:425.2,425.20 1 1
github.com/getaxonflow/axonflow-sdk-go/v5/cost_controls.go:425.20,427.3 1 0
github.com/getaxonflow/axonflow-sdk-go/v5/cost_controls.go:430.2,431.71 2 1
github.com/getaxonflow/axonflow-sdk-go/v5/cost_controls.go:431.71,433.3 1 0
github.com/getaxonflow/axonflow-sdk-go/v5/cost_controls.go:435.2,435.22 1 1
github.com/getaxonflow/axonflow-sdk-go/v5/cost_controls.go:443.124,446.2 1 1
github.com/getaxonflow/axonflow-sdk-go/v5/cost_controls.go:449.55,451.19 2 1
github.com/getaxonflow/axonflow-sdk-go/v5/cost_controls.go:451.19,453.3 1 1
github.com/getaxonflow/axonflow-sdk-go/v5/cost_controls.go:454.2,454.17 1 1
github.com/getaxonflow/axonflow-sdk-go/v5/cost_controls.go:454.17,456.3 1 1
github.com/getaxonflow/axonflow-sdk-go/v5/cost_controls.go:457.2,457.18 1 1
github.com/getaxonflow/axonflow-sdk-go/v5/cost_controls.go:457.18,459.3 1 1
github.com/getaxonflow/axonflow-sdk-go/v5/cost_controls.go:460.2,460.47 1 1
github.com/getaxonflow/axonflow-sdk-go/v5/cost_controls.go:460.47,462.3 1 1
github.com/getaxonflow/axonflow-sdk-go/v5/cost_controls.go:463.2,463.11 1 1
github.com/getaxonflow/axonflow-sdk-go/v5/cost_controls.go:467.64,469.20 2 1
github.com/getaxonflow/axonflow-sdk-go/v5/cost_controls.go:469.20,471.3 1 1
github.com/getaxonflow/axonflow-sdk-go/v5/cost_controls.go:472.2,472.47 1 1
github.com/getaxonflow/axonflow-sdk-go/v5/cost_controls.go:472.47,474.3 1 1
github.com/getaxonflow/axonflow-sdk-go/v5/cost_controls.go:475.2,475.11 1 1
github.com/getaxonflow/axonflow-sdk-go/v5/cost_controls.go:479.80,481.19 2 1
github.com/getaxonflow/axonflow-sdk-go/v5/cost_controls.go:481.19,483.3 1 1
github.com/getaxonflow/axonflow-sdk-go/v5/cost_controls.go:484.2,484.20 1 1
github.com/getaxonflow/axonflow-sdk-go/v5/cost_controls.go:484.20,486.3 1 1
github.com/getaxonflow/axonflow-sdk-go/v5/cost_controls.go:487.2,487.47 1 1
github.com/getaxonflow/axonflow-sdk-go/v5/cost_controls.go:487.47,489.3 1 1
github.com/getaxonflow/axonflow-sdk-go/v5/cost_controls.go:490.2,490.11 1 0
github.com/getaxonflow/axonflow-sdk-go/v5/cost_controls.go:494.64,496.17 2 1
github.com/getaxonflow/axonflow-sdk-go/v5/cost_controls.go:496.17,498.3 1 1
github.com/getaxonflow/axonflow-sdk-go/v5/cost_controls.go:499.2,499.18 1 1
github.com/getaxonflow/axonflow-sdk-go/v5/cost_controls.go:499.18,501.3 1 1
github.com/getaxonflow/axonflow-sdk-go/v5/cost_controls.go:502.2,502.22 1 1
github.com/getaxonflow/axonflow-sdk-go/v5/cost_controls.go:502.22,504.3 1 1
github.com/getaxonflow/axonflow-sdk-go/v5/cost_controls.go:505.2,505.19 1 1
github.com/getaxonflow/axonflow-sdk-go/v5/cost_controls.go:505.19,507.3 1 1
github.com/getaxonflow/axonflow-sdk-go/v5/cost_controls.go:508.2,508.47 1 1
github.com/getaxonflow/axonflow-sdk-go/v5/cost_controls.go:508.47,510.3 1 1
github.com/getaxonflow/axonflow-sdk-go/v5/cost_controls.go:511.2,511.11 1 1
github.com/getaxonflow/axonflow-sdk-go/v5/cost_controls.go:515.35,516.42 1 1
github.com/getaxonflow/axonflow-sdk-go/v5/cost_controls.go:516.42,517.29 1 1
github.com/getaxonflow/axonflow-sdk-go/v5/cost_controls.go:517.29,519.4 1 1
github.com/getaxonflow/axonflow-sdk-go/v5/cost_controls.go:521.2,521.11 1 1
github.com/getaxonflow/axonflow-sdk-go/v5/execution.go:54.49,60.2 1 1
github.com/getaxonflow/axonflow-sdk-go/v5/execution.go:76.44,78.2 1 1
github.com/getaxonflow/axonflow-sdk-go/v5/execution.go:81.44,83.2 1 1
github.com/getaxonflow/axonflow-sdk-go/v5/execution.go:252.45,254.2 1 1
github.com/getaxonflow/axonflow-sdk-go/v5/execution.go:257.63,258.25 1 1
github.com/getaxonflow/axonflow-sdk-go/v5/execution.go:258.25,259.45 1 1
github.com/getaxonflow/axonflow-sdk-go/v5/execution.go:259.45,261.4 1 1
github.com/getaxonflow/axonflow-sdk-go/v5/execution.go:263.2,263.12 1 1
github.com/getaxonflow/axonflow-sdk-go/v5/execution.go:267.47,269.31 2 1
github.com/getaxonflow/axonflow-sdk-go/v5/execution.go:269.31,270.26 1 1
github.com/getaxonflow/axonflow-sdk-go/v5/execution.go:270.26,272.4 1 1
github.com/getaxonflow/axonflow-sdk-go/v5/execution.go:274.2,274.14 1 1
github.com/getaxonflow/axonflow-sdk-go/v5/execution.go:278.44,280.2 1 1
github.com/getaxonflow/axonflow-sdk-go/v5/execution.go:283.48,285.2 1 1
github.com/getaxonflow/axonflow-sdk-go/v5/execution.go:344.91,345.23 1 1
github.com/getaxonflow/axonflow-sdk-go/v5/execution.go:345.23,347.3 1 1
github.com/getaxonflow/axonflow-sdk-go/v5/execution.go:349.2,352.94 3 1
github.com/getaxonflow/axonflow-sdk-go/v5/execution.go:352.94,354.3 1 1
github.com/getaxonflow/axonflow-sdk-go/v5/execution.go:356.2,356.21 1 1
github.com/getaxonflow/axonflow-sdk-go/v5/execution.go:380.124,383.17 2 1
github.com/getaxonflow/axonflow-sdk-go/v5/execution.go:383.17,384.31 1 1
github.com/getaxonflow/axonflow-sdk-go/v5/execution.go:384.31,386.4 1 1
github.com/getaxonflow/axonflow-sdk-go/v5/execution.go:387.3,387.24 1 1
github.com/getaxonflow/axonflow-sdk-go/v5/execution.go:387.24,389.4 1 1
github.com/getaxonflow/axonflow-sdk-go/v5/execution.go:390.3,390.26 1 1
github.com/getaxonflow/axonflow-sdk-go/v5/execution.go:390.26,392.4 1 1
github.com/getaxonflow/axonflow-sdk-go/v5/execution.go:393.3,393.23 1 1
github.com/getaxonflow/axonflow-sdk-go/v5/execution.go:393.23,395.4 1 1
github.com/getaxonflow/axonflow-sdk-go/v5/execution.go:396.3,396.21 1 1
github.com/getaxonflow/axonflow-sdk-go/v5/execution.go:396.21,398.4 1 1
github.com/getaxonflow/axonflow-sdk-go/v5/execution.go:399.3,399.22 1 1
github.com/getaxonflow/axonflow-sdk-go/v5/execution.go:399.22,401.4 1 1
github.com/getaxonflow/axonflow-sdk-go/v5/execution.go:404.2,405.21 2 1
github.com/getaxonflow/axonflow-sdk-go/v5/execution.go:405.21,407.3 1 1
github.com/getaxonflow/axonflow-sdk-go/v5/execution.go:409.2,411.94 2 1
github.com/getaxonflow/axonflow-sdk-go/v5/execution.go:411.94,413.3 1 1
github.com/getaxonflow/axonflow-sdk-go/v5/execution.go:415.2,415.21 1 1
github.com/getaxonflow/axonflow-sdk-go/v5/execution.go:430.83,431.23 1 1
[...]
github.com/getaxonflow/axonflow-sdk-go/v5/workflows.go:662.21,664.3 1 1
github.com/getaxonflow/axonflow-sdk-go/v5/workflows.go:666.2,668.94 2 1
github.com/getaxonflow/axonflow-sdk-go/v5/workflows.go:668.94,670.3 1 0
github.com/getaxonflow/axonflow-sdk-go/v5/workflows.go:672.2,672.21 1 1
github.com/getaxonflow/axonflow-sdk-go/v5/workflows.go:837.95,838.22 1 1
github.com/getaxonflow/axonflow-sdk-go/v5/workflows.go:838.22,840.3 1 1
github.com/getaxonflow/axonflow-sdk-go/v5/workflows.go:841.2,841.18 1 1
github.com/getaxonflow/axonflow-sdk-go/v5/workflows.go:841.18,843.3 1 1
github.com/getaxonflow/axonflow-sdk-go/v5/workflows.go:845.2,849.95 4 1
github.com/getaxonflow/axonflow-sdk-go/v5/workflows.go:849.95,851.3 1 1
github.com/getaxonflow/axonflow-sdk-go/v5/workflows.go:853.2,853.21 1 1
github.com/getaxonflow/axonflow-sdk-go/v5/workflows.go:867.93,868.22 1 1
github.com/getaxonflow/axonflow-sdk-go/v5/workflows.go:868.22,870.3 1 1
github.com/getaxonflow/axonflow-sdk-go/v5/workflows.go:871.2,871.18 1 1
github.com/getaxonflow/axonflow-sdk-go/v5/workflows.go:871.18,873.3 1 1
github.com/getaxonflow/axonflow-sdk-go/v5/workflows.go:875.2,879.95 4 1
github.com/getaxonflow/axonflow-sdk-go/v5/workflows.go:879.95,881.3 1 1
github.com/getaxonflow/axonflow-sdk-go/v5/workflows.go:883.2,883.21 1 1
github.com/getaxonflow/axonflow-sdk-go/v5/workflows.go:898.112,901.17 2 1
github.com/getaxonflow/axonflow-sdk-go/v5/workflows.go:901.17,902.21 1 1
github.com/getaxonflow/axonflow-sdk-go/v5/workflows.go:902.21,904.4 1 1
github.com/getaxonflow/axonflow-sdk-go/v5/workflows.go:907.2,908.21 2 1
github.com/getaxonflow/axonflow-sdk-go/v5/workflows.go:908.21,910.3 1 1
github.com/getaxonflow/axonflow-sdk-go/v5/workflows.go:912.2,914.94 2 1
github.com/getaxonflow/axonflow-sdk-go/v5/workflows.go:914.94,916.3 1 1
github.com/getaxonflow/axonflow-sdk-go/v5/workflows.go:918.2,918.21 1 1
github.com/getaxonflow/axonflow-sdk-go/v5/interceptors/anthropic.go:97.141,103.2 1 1
github.com/getaxonflow/axonflow-sdk-go/v5/interceptors/anthropic.go:108.132,123.16 5 1
github.com/getaxonflow/axonflow-sdk-go/v5/interceptors/anthropic.go:123.16,125.3 1 1
github.com/getaxonflow/axonflow-sdk-go/v5/interceptors/anthropic.go:128.2,128.22 1 1
github.com/getaxonflow/axonflow-sdk-go/v5/interceptors/anthropic.go:128.22,130.33 2 1
github.com/getaxonflow/axonflow-sdk-go/v5/interceptors/anthropic.go:130.33,132.4 1 0
github.com/getaxonflow/axonflow-sdk-go/v5/interceptors/anthropic.go:133.3,136.4 1 1
github.com/getaxonflow/axonflow-sdk-go/v5/interceptors/anthropic.go:140.2,141.16 2 1
github.com/getaxonflow/axonflow-sdk-go/v5/interceptors/anthropic.go:141.16,143.3 1 1
github.com/getaxonflow/axonflow-sdk-go/v5/interceptors/anthropic.go:146.2,149.12 2 1
github.com/getaxonflow/axonflow-sdk-go/v5/interceptors/anthropic.go:149.12,160.31 4 1
github.com/getaxonflow/axonflow-sdk-go/v5/interceptors/anthropic.go:160.31,162.4 1 1
github.com/getaxonflow/axonflow-sdk-go/v5/interceptors/anthropic.go:164.3,164.22 1 1
github.com/getaxonflow/axonflow-sdk-go/v5/interceptors/anthropic.go:164.22,174.4 1 1
github.com/getaxonflow/axonflow-sdk-go/v5/interceptors/anthropic.go:177.2,177.20 1 1
github.com/getaxonflow/axonflow-sdk-go/v5/interceptors/anthropic.go:181.80,185.18 2 1
github.com/getaxonflow/axonflow-sdk-go/v5/interceptors/anthropic.go:185.18,187.3 1 1
github.com/getaxonflow/axonflow-sdk-go/v5/interceptors/anthropic.go:190.2,190.31 1 1
github.com/getaxonflow/axonflow-sdk-go/v5/interceptors/anthropic.go:190.31,191.37 1 1
github.com/getaxonflow/axonflow-sdk-go/v5/interceptors/anthropic.go:191.37,192.48 1 1
github.com/getaxonflow/axonflow-sdk-go/v5/interceptors/anthropic.go:192.48,194.5 1 1
github.com/getaxonflow/axonflow-sdk-go/v5/interceptors/anthropic.go:198.2,198.33 1 1
github.com/getaxonflow/axonflow-sdk-go/v5/interceptors/anthropic.go:202.76,203.37 1 1
github.com/getaxonflow/axonflow-sdk-go/v5/interceptors/anthropic.go:203.37,204.47 1 1
github.com/getaxonflow/axonflow-sdk-go/v5/interceptors/anthropic.go:204.47,206.23 2 1
github.com/getaxonflow/axonflow-sdk-go/v5/interceptors/anthropic.go:206.23,208.5 1 1
github.com/getaxonflow/axonflow-sdk-go/v5/interceptors/anthropic.go:209.4,209.15 1 1
github.com/getaxonflow/axonflow-sdk-go/v5/interceptors/anthropic.go:212.2,212.11 1 1
github.com/getaxonflow/axonflow-sdk-go/v5/interceptors/anthropic.go:221.23,222.98 1 1
github.com/getaxonflow/axonflow-sdk-go/v5/interceptors/anthropic.go:222.98,237.17 5 1
github.com/getaxonflow/axonflow-sdk-go/v5/interceptors/anthropic.go:237.17,239.4 1 1
github.com/getaxonflow/axonflow-sdk-go/v5/interceptors/anthropic.go:242.3,242.23 1 1
github.com/getaxonflow/axonflow-sdk-go/v5/interceptors/anthropic.go:242.23,244.34 2 1
github.com/getaxonflow/axonflow-sdk-go/v5/interceptors/anthropic.go:244.34,246.5 1 0
github.com/getaxonflow/axonflow-sdk-go/v5/interceptors/anthropic.go:247.4,250.5 1 1
github.com/getaxonflow/axonflow-sdk-go/v5/interceptors/anthropic.go:254.3,255.17 2 1
github.com/getaxonflow/axonflow-sdk-go/v5/interceptors/anthropic.go:255.17,257.4 1 1
github.com/getaxonflow/axonflow-sdk-go/v5/interceptors/anthropic.go:260.3,263.13 2 1
github.com/getaxonflow/axonflow-sdk-go/v5/interceptors/anthropic.go:263.13,272.32 3 1
github.com/getaxonflow/axonflow-sdk-go/v5/interceptors/anthropic.go:272.32,282.5 1 1
github.com/getaxonflow/axonflow-sdk-go/v5/interceptors/anthropic.go:285.3,285.21 1 1
github.com/getaxonflow/axonflow-sdk-go/v5/interceptors/anthropic.go:296.126,298.2 1 1
github.com/getaxonflow/axonflow-sdk-go/v5/interceptors/anthropic.go:301.68,303.2 1 1
github.com/getaxonflow/axonflow-sdk-go/v5/interceptors/anthropic.go:317.125,318.23 1 1
github.com/getaxonflow/axonflow-sdk-go/v5/interceptors/anthropic.go:318.23,320.3 1 1
github.com/getaxonflow/axonflow-sdk-go/v5/interceptors/anthropic.go:321.2,326.82 2 1
github.com/getaxonflow/axonflow-sdk-go/v5/interceptors/anthropic.go:330.65,337.2 1 1
github.com/getaxonflow/axonflow-sdk-go/v5/interceptors/anthropic.go:340.54,342.2 1 1
github.com/getaxonflow/axonflow-sdk-go/v5/interceptors/anthropic.go:345.59,347.2 1 1
github.com/getaxonflow/axonflow-sdk-go/v5/interceptors/bedrock.go:149.128,150.92 1 1
github.com/getaxonflow/axonflow-sdk-go/v5/interceptors/bedrock.go:150.92,160.17 4 1
github.com/getaxonflow/axonflow-sdk-go/v5/interceptors/bedrock.go:160.17,162.4 1 0
github.com/getaxonflow/axonflow-sdk-go/v5/interceptors/bedrock.go:164.3,164.29 1 1
github.com/getaxonflow/axonflow-sdk-go/v5/interceptors/bedrock.go:164.29,169.4 1 1
github.com/getaxonflow/axonflow-sdk-go/v5/interceptors/bedrock.go:171.3,175.17 4 1
github.com/getaxonflow/axonflow-sdk-go/v5/interceptors/bedrock.go:175.17,177.4 1 1
github.com/getaxonflow/axonflow-sdk-go/v5/interceptors/bedrock.go:180.3,180.52 1 1
github.com/getaxonflow/axonflow-sdk-go/v5/interceptors/bedrock.go:180.52,198.4 3 1
github.com/getaxonflow/axonflow-sdk-go/v5/interceptors/bedrock.go:200.3,200.21 1 1
github.com/getaxonflow/axonflow-sdk-go/v5/interceptors/bedrock.go:205.63,206.51 1 1
github.com/getaxonflow/axonflow-sdk-go/v5/interceptors/bedrock.go:206.51,208.52 2 1
github.com/getaxonflow/axonflow-sdk-go/v5/interceptors/bedrock.go:208.52,210.37 2 1
github.com/getaxonflow/axonflow-sdk-go/v5/interceptors/bedrock.go:210.37,212.5 1 1
github.com/getaxonflow/axonflow-sdk-go/v5/interceptors/bedrock.go:213.4,213.35 1 1
github.com/getaxonflow/axonflow-sdk-go/v5/interceptors/bedrock.go:215.8,215.54 1 1
github.com/getaxonflow/axonflow-sdk-go/v5/interceptors/bedrock.go:215.54,217.52 2 1
github.com/getaxonflow/axonflow-sdk-go/v5/interceptors/bedrock.go:217.52,219.4 1 1
github.com/getaxonflow/axonflow-sdk-go/v5/interceptors/bedrock.go:223.2,224.55 2 1
github.com/getaxonflow/axonflow-sdk-go/v5/interceptors/bedrock.go:224.55,225.51 1 0
github.com/getaxonflow/axonflow-sdk-go/v5/interceptors/bedrock.go:225.51,227.4 1 0
github.com/getaxonflow/axonflow-sdk-go/v5/interceptors/bedrock.go:230.2,230.11 1 1
github.com/getaxonflow/axonflow-sdk-go/v5/interceptors/bedrock.go:234.115,235.51 1 1
github.com/getaxonflow/axonflow-sdk-go/v5/interceptors/bedrock.go:235.51,237.53 2 1
github.com/getaxonflow/axonflow-sdk-go/v5/interceptors/bedrock.go:237.53,238.29 1 1
github.com/getaxonflow/axonflow-sdk-go/v5/interceptors/bedrock.go:238.29,240.5 1 1
github.com/getaxonflow/axonflow-sdk-go/v5/interceptors/bedrock.go:241.4,243.10 3 1
github.com/getaxonflow/axonflow-sdk-go/v5/interceptors/bedrock.go:245.8,245.54 1 0
github.com/getaxonflow/axonflow-sdk-go/v5/interceptors/bedrock.go:245.54,247.53 2 0
github.com/getaxonflow/axonflow-sdk-go/v5/interceptors/bedrock.go:247.53,248.29 1 0
github.com/getaxonflow/axonflow-sdk-go/v5/interceptors/bedrock.go:248.29,251.5 2 0
github.com/getaxonflow/axonflow-sdk-go/v5/interceptors/bedrock.go:252.4,253.10 2 0
github.com/getaxonflow/axonflow-sdk-go/v5/interceptors/bedrock.go:257.2,257.17 1 0
github.com/getaxonflow/axonflow-sdk-go/v5/interceptors/bedrock.go:261.50,262.22 1 1
github.com/getaxonflow/axonflow-sdk-go/v5/interceptors/bedrock.go:262.22,264.3 1 1
github.com/getaxonflow/axonflow-sdk-go/v5/interceptors/bedrock.go:265.2,265.27 1 0
github.com/getaxonflow/axonflow-sdk-go/v5/interceptors/gemini.go:40.35,40.36 0 1
github.com/getaxonflow/axonflow-sdk-go/v5/interceptors/gemini.go:48.35,48.36 0 1
github.com/getaxonflow/axonflow-sdk-go/v5/interceptors/gemini.go:85.58,86.62 1 1
github.com/getaxonflow/axonflow-sdk-go/v5/interceptors/gemini.go:86.62,88.3 1 1
github.com/getaxonflow/axonflow-sdk-go/v5/interceptors/gemini.go:89.2,90.53 2 1
github.com/getaxonflow/axonflow-sdk-go/v5/interceptors/gemini.go:90.53,91.40 1 1
github.com/getaxonflow/axonflow-sdk-go/v5/interceptors/gemini.go:91.40,93.4 1 1
github.com/getaxonflow/axonflow-sdk-go/v5/interceptors/gemini.go:95.2,95.32 1 1
github.com/getaxonflow/axonflow-sdk-go/v5/interceptors/gemini.go:125.125,132.2 1 1
github.com/getaxonflow/axonflow-sdk-go/v5/interceptors/gemini.go:135.144,142.2 1 1
github.com/getaxonflow/axonflow-sdk-go/v5/interceptors/gemini.go:145.128,156.16 4 1
github.com/getaxonflow/axonflow-sdk-go/v5/interceptors/gemini.go:156.16,158.3 1 1
github.com/getaxonflow/axonflow-sdk-go/v5/interceptors/gemini.go:160.2,160.28 1 1
github.com/getaxonflow/axonflow-sdk-go/v5/interceptors/gemini.go:160.28,165.3 1 1
github.com/getaxonflow/axonflow-sdk-go/v5/interceptors/gemini.go:168.2,172.16 4 1
github.com/getaxonflow/axonflow-sdk-go/v5/interceptors/gemini.go:172.16,174.3 1 1
github.com/getaxonflow/axonflow-sdk-go/v5/interceptors/gemini.go:177.2,177.34 1 1
github.com/getaxonflow/axonflow-sdk-go/v5/interceptors/gemini.go:177.34,179.18 2 1
github.com/getaxonflow/axonflow-sdk-go/v5/interceptors/gemini.go:179.18,181.4 1 1
github.com/getaxonflow/axonflow-sdk-go/v5/interceptors/gemini.go:183.3,184.32 2 1
github.com/getaxonflow/axonflow-sdk-go/v5/interceptors/gemini.go:184.32,190.4 1 1
github.com/getaxonflow/axonflow-sdk-go/v5/interceptors/gemini.go:192.3,201.22 2 1
github.com/getaxonflow/axonflow-sdk-go/v5/interceptors/gemini.go:201.23,204.4 0 0
github.com/getaxonflow/axonflow-sdk-go/v5/interceptors/gemini.go:207.2,207.18 1 1
github.com/getaxonflow/axonflow-sdk-go/v5/interceptors/gemini.go:225.133,226.96 1 0
github.com/getaxonflow/axonflow-sdk-go/v5/interceptors/gemini.go:226.96,235.17 4 0
github.com/getaxonflow/axonflow-sdk-go/v5/interceptors/gemini.go:235.17,237.4 1 0
github.com/getaxonflow/axonflow-sdk-go/v5/interceptors/gemini.go:239.3,239.29 1 0
github.com/getaxonflow/axonflow-sdk-go/v5/interceptors/gemini.go:239.29,244.4 1 0
github.com/getaxonflow/axonflow-sdk-go/v5/interceptors/gemini.go:246.3,250.17 4 0
github.com/getaxonflow/axonflow-sdk-go/v5/interceptors/gemini.go:250.17,252.4 1 0
github.com/getaxonflow/axonflow-sdk-go/v5/interceptors/gemini.go:254.3,254.35 1 0
github.com/getaxonflow/axonflow-sdk-go/v5/interceptors/gemini.go:254.35,256.19 2 0
github.com/getaxonflow/axonflow-sdk-go/v5/interceptors/gemini.go:256.19,258.5 1 0
github.com/getaxonflow/axonflow-sdk-go/v5/interceptors/gemini.go:260.4,261.33 2 0
github.com/getaxonflow/axonflow-sdk-go/v5/interceptors/gemini.go:261.33,267.5 1 0
github.com/getaxonflow/axonflow-sdk-go/v5/interceptors/gemini.go:269.4,277.5 1 0
github.com/getaxonflow/axonflow-sdk-go/v5/interceptors/gemini.go:280.3,280.19 1 0
github.com/getaxonflow/axonflow-sdk-go/v5/interceptors/gemini.go:285.53,287.29 2 1
github.com/getaxonflow/axonflow-sdk-go/v5/interceptors/gemini.go:287.29,288.40 1 1
github.com/getaxonflow/axonflow-sdk-go/v5/interceptors/gemini.go:288.40,290.4 1 1
github.com/getaxonflow/axonflow-sdk-go/v5/interceptors/gemini.go:292.2,292.33 1 1
github.com/getaxonflow/axonflow-sdk-go/v5/interceptors/ollama.go:125.132,131.2 1 1
github.com/getaxonflow/axonflow-sdk-go/v5/interceptors/ollama.go:134.110,145.16 4 1
github.com/getaxonflow/axonflow-sdk-go/v5/interceptors/ollama.go:145.16,147.3 1 0
github.com/getaxonflow/axonflow-sdk-go/v5/interceptors/ollama.go:149.2,149.28 1 1
github.com/getaxonflow/axonflow-sdk-go/v5/interceptors/ollama.go:149.28,154.3 1 1
github.com/getaxonflow/axonflow-sdk-go/v5/interceptors/ollama.go:157.2,161.16 4 1
github.com/getaxonflow/axonflow-sdk-go/v5/interceptors/ollama.go:161.16,163.3 1 1
github.com/getaxonflow/axonflow-sdk-go/v5/interceptors/ollama.go:166.2,166.34 1 1
github.com/getaxonflow/axonflow-sdk-go/v5/interceptors/ollama.go:166.34,168.18 2 1
github.com/getaxonflow/axonflow-sdk-go/v5/interceptors/ollama.go:168.18,170.4 1 1
github.com/getaxonflow/axonflow-sdk-go/v5/interceptors/ollama.go:172.3,186.4 2 1
github.com/getaxonflow/axonflow-sdk-go/v5/interceptors/ollama.go:189.2,189.18 1 1
github.com/getaxonflow/axonflow-sdk-go/v5/interceptors/ollama.go:203.118,204.88 1 1
github.com/getaxonflow/axonflow-sdk-go/v5/interceptors/ollama.go:204.88,213.17 4 1
github.com/getaxonflow/axonflow-sdk-go/v5/interceptors/ollama.go:213.17,215.4 1 0
github.com/getaxonflow/axonflow-sdk-go/v5/interceptors/ollama.go:217.3,217.29 1 1
github.com/getaxonflow/axonflow-sdk-go/v5/interceptors/ollama.go:217.29,222.4 1 1
github.com/getaxonflow/axonflow-sdk-go/v5/interceptors/ollama.go:224.3,228.17 4 1
github.com/getaxonflow/axonflow-sdk-go/v5/interceptors/ollama.go:228.17,230.4 1 0
github.com/getaxonflow/axonflow-sdk-go/v5/interceptors/ollama.go:232.3,232.35 1 1
github.com/getaxonflow/axonflow-sdk-go/v5/interceptors/ollama.go:232.35,234.19 2 1
github.com/getaxonflow/axonflow-sdk-go/v5/interceptors/ollama.go:234.19,236.5 1 1
github.com/getaxonflow/axonflow-sdk-go/v5/interceptors/ollama.go:238.4,252.5 2 1
github.com/getaxonflow/axonflow-sdk-go/v5/interceptors/ollama.go:255.3,255.19 1 1
github.com/getaxonflow/axonflow-sdk-go/v5/interceptors/ollama.go:260.130,261.96 1 1
github.com/getaxonflow/axonflow-sdk-go/v5/interceptors/ollama.go:261.96,268.17 3 1
github.com/getaxonflow/axonflow-sdk-go/v5/interceptors/ollama.go:268.17,270.4 1 0
github.com/getaxonflow/axonflow-sdk-go/v5/interceptors/ollama.go:272.3,272.29 1 1
github.com/getaxonflow/axonflow-sdk-go/v5/interceptors/ollama.go:272.29,277.4 1 1
github.com/getaxonflow/axonflow-sdk-go/v5/interceptors/ollama.go:279.3,283.17 4 1
github.com/getaxonflow/axonflow-sdk-go/v5/interceptors/ollama.go:283.17,285.4 1 1
github.com/getaxonflow/axonflow-sdk-go/v5/interceptors/ollama.go:287.3,287.35 1 1
github.com/getaxonflow/axonflow-sdk-go/v5/interceptors/ollama.go:287.35,289.19 2 1
github.com/getaxonflow/axonflow-sdk-go/v5/interceptors/ollama.go:289.19,291.5 1 1
github.com/getaxonflow/axonflow-sdk-go/v5/interceptors/ollama.go:293.4,307.5 2 1
github.com/getaxonflow/axonflow-sdk-go/v5/interceptors/ollama.go:310.3,310.19 1 1
github.com/getaxonflow/axonflow-sdk-go/v5/interceptors/ollama.go:315.59,317.31 2 1
github.com/getaxonflow/axonflow-sdk-go/v5/interceptors/ollama.go:317.31,319.3 1 1
github.com/getaxonflow/axonflow-sdk-go/v5/interceptors/ollama.go:320.2,320.33 1 1
github.com/getaxonflow/axonflow-sdk-go/v5/interceptors/openai.go:90.47,92.2 1 1
github.com/getaxonflow/axonflow-sdk-go/v5/interceptors/openai.go:110.131,116.2 1 1
github.com/getaxonflow/axonflow-sdk-go/v5/interceptors/openai.go:121.132,136.16 5 1
github.com/getaxonflow/axonflow-sdk-go/v5/interceptors/openai.go:136.16,138.3 1 1
github.com/getaxonflow/axonflow-sdk-go/v5/interceptors/openai.go:141.2,141.22 1 1
github.com/getaxonflow/axonflow-sdk-go/v5/interceptors/openai.go:141.22,143.33 2 1
github.com/getaxonflow/axonflow-sdk-go/v5/interceptors/openai.go:143.33,145.4 1 0
github.com/getaxonflow/axonflow-sdk-go/v5/interceptors/openai.go:146.3,149.4 1 1
github.com/getaxonflow/axonflow-sdk-go/v5/interceptors/openai.go:153.2,154.16 2 1
github.com/getaxonflow/axonflow-sdk-go/v5/interceptors/openai.go:154.16,156.3 1 1
github.com/getaxonflow/axonflow-sdk-go/v5/interceptors/openai.go:159.2,162.12 2 1
github.com/getaxonflow/axonflow-sdk-go/v5/interceptors/openai.go:162.12,164.30 2 1
github.com/getaxonflow/axonflow-sdk-go/v5/interceptors/openai.go:164.30,166.26 2 1
github.com/getaxonflow/axonflow-sdk-go/v5/interceptors/openai.go:166.26,168.5 1 1
github.com/getaxonflow/axonflow-sdk-go/v5/interceptors/openai.go:168.10,170.5 1 1
github.com/getaxonflow/axonflow-sdk-go/v5/interceptors/openai.go:173.3,181.31 3 1
github.com/getaxonflow/axonflow-sdk-go/v5/interceptors/openai.go:181.31,183.4 1 1
github.com/getaxonflow/axonflow-sdk-go/v5/interceptors/openai.go:185.3,185.22 1 1
github.com/getaxonflow/axonflow-sdk-go/v5/interceptors/openai.go:185.22,195.4 1 1
github.com/getaxonflow/axonflow-sdk-go/v5/interceptors/openai.go:198.2,198.20 1 1
github.com/getaxonflow/axonflow-sdk-go/v5/interceptors/openai.go:202.57,204.31 2 1
github.com/getaxonflow/axonflow-sdk-go/v5/interceptors/openai.go:204.31,205.24 1 1
github.com/getaxonflow/axonflow-sdk-go/v5/interceptors/openai.go:205.24,207.4 1 1
github.com/getaxonflow/axonflow-sdk-go/v5/interceptors/openai.go:209.2,209.33 1 1
github.com/getaxonflow/axonflow-sdk-go/v5/interceptors/openai.go:228.20,229.94 1 1
github.com/getaxonflow/axonflow-sdk-go/v5/interceptors/openai.go:229.94,244.17 5 1
github.com/getaxonflow/axonflow-sdk-go/v5/interceptors/openai.go:244.17,246.4 1 1
github.com/getaxonflow/axonflow-sdk-go/v5/interceptors/openai.go:249.3,249.23 1 1
github.com/getaxonflow/axonflow-sdk-go/v5/interceptors/openai.go:249.23,251.34 2 1
github.com/getaxonflow/axonflow-sdk-go/v5/interceptors/openai.go:251.34,253.5 1 0
github.com/getaxonflow/axonflow-sdk-go/v5/interceptors/openai.go:254.4,257.5 1 1
github.com/getaxonflow/axonflow-sdk-go/v5/interceptors/openai.go:261.3,262.17 2 1
github.com/getaxonflow/axonflow-sdk-go/v5/interceptors/openai.go:262.17,264.4 1 1
github.com/getaxonflow/axonflow-sdk-go/v5/interceptors/openai.go:267.3,270.13 2 1
github.com/getaxonflow/axonflow-sdk-go/v5/interceptors/openai.go:270.13,272.31 2 1
github.com/getaxonflow/axonflow-sdk-go/v5/interceptors/openai.go:272.31,274.27 2 1
github.com/getaxonflow/axonflow-sdk-go/v5/interceptors/openai.go:274.27,276.6 1 0
github.com/getaxonflow/axonflow-sdk-go/v5/interceptors/openai.go:276.11,278.6 1 1
github.com/getaxonflow/axonflow-sdk-go/v5/interceptors/openai.go:281.4,287.32 2 1
github.com/getaxonflow/axonflow-sdk-go/v5/interceptors/openai.go:287.32,297.5 1 1
github.com/getaxonflow/axonflow-sdk-go/v5/interceptors/openai.go:300.3,300.21 1 1
github.com/getaxonflow/axonflow-sdk-go/v5/interceptors/openai.go:311.126,313.2 1 1
github.com/getaxonflow/axonflow-sdk-go/v5/interceptors/openai.go:316.59,318.2 1 1
github.com/getaxonflow/axonflow-sdk-go/v5/interceptors/openai.go:321.45,324.2 2 1
github.com/getaxonflow/axonflow-sdk-go/v5/interceptors/openai.go:327.66,329.26 2 1
github.com/getaxonflow/axonflow-sdk-go/v5/interceptors/openai.go:329.26,331.3 1 1
github.com/getaxonflow/axonflow-sdk-go/v5/interceptors/openai.go:332.2,332.19 1 1
github.com/getaxonflow/axonflow-sdk-go/v5/interceptors/openai.go:355.127,356.23 1 1
github.com/getaxonflow/axonflow-sdk-go/v5/interceptors/openai.go:356.23,358.3 1 1
github.com/getaxonflow/axonflow-sdk-go/v5/interceptors/openai.go:359.2,363.55 2 1
github.com/getaxonflow/axonflow-sdk-go/v5/interceptors/openai.go:367.64,369.2 1 1
github.com/getaxonflow/axonflow-sdk-go/v5/interceptors/openai.go:372.69,376.2 3 1
